<?xml version="1.0" encoding="UTF-8"?>
<coverage generated="1541958076370" clover="3.2.0">
  <project timestamp="1541958076370" name="All files">
    <metrics statements="327" coveredstatements="175" conditionals="123" coveredconditionals="57" methods="134" coveredmethods="50" elements="584" coveredelements="282" complexity="0" loc="327" ncloc="327" packages="28" files="46" classes="46">
      <package name="src">
        <metrics statements="56" coveredstatements="0" conditionals="29" coveredconditionals="0" methods="24" coveredmethods="0"/>
        <file name="App.jsx" path="/home/bober/apps/cookbook-app/lib/client/src/App.jsx">
          <metrics statements="26" coveredstatements="0" conditionals="4" coveredconditionals="0" methods="8" coveredmethods="0"/>
          <line num="1" count="0" type="stmt"/>
          <line num="2" count="0" type="stmt"/>
          <line num="3" count="0" type="stmt"/>
          <line num="4" count="0" type="stmt"/>
          <line num="6" count="0" type="stmt"/>
          <line num="7" count="0" type="stmt"/>
          <line num="8" count="0" type="stmt"/>
          <line num="9" count="0" type="stmt"/>
          <line num="10" count="0" type="stmt"/>
          <line num="11" count="0" type="stmt"/>
          <line num="12" count="0" type="stmt"/>
          <line num="13" count="0" type="stmt"/>
          <line num="14" count="0" type="stmt"/>
          <line num="15" count="0" type="cond" truecount="0" falsecount="4"/>
          <line num="18" count="0" type="stmt"/>
          <line num="19" count="0" type="stmt"/>
          <line num="21" count="0" type="stmt"/>
          <line num="24" count="0" type="stmt"/>
          <line num="25" count="0" type="stmt"/>
          <line num="27" count="0" type="stmt"/>
          <line num="43" count="0" type="stmt"/>
          <line num="47" count="0" type="stmt"/>
          <line num="51" count="0" type="stmt"/>
          <line num="56" count="0" type="stmt"/>
          <line num="61" count="0" type="stmt"/>
          <line num="71" count="0" type="stmt"/>
        </file>
        <file name="index.js" path="/home/bober/apps/cookbook-app/lib/client/src/index.js">
          <metrics statements="15" coveredstatements="0" conditionals="4" coveredconditionals="0" methods="1" coveredmethods="0"/>
          <line num="1" count="0" type="stmt"/>
          <line num="2" count="0" type="stmt"/>
          <line num="3" count="0" type="stmt"/>
          <line num="4" count="0" type="stmt"/>
          <line num="5" count="0" type="stmt"/>
          <line num="6" count="0" type="stmt"/>
          <line num="7" count="0" type="stmt"/>
          <line num="8" count="0" type="stmt"/>
          <line num="9" count="0" type="stmt"/>
          <line num="11" count="0" type="stmt"/>
          <line num="12" count="0" type="cond" truecount="0" falsecount="4"/>
          <line num="14" count="0" type="stmt"/>
          <line num="23" count="0" type="stmt"/>
          <line num="30" count="0" type="stmt"/>
          <line num="34" count="0" type="stmt"/>
        </file>
        <file name="registerServiceWorker.js" path="/home/bober/apps/cookbook-app/lib/client/src/registerServiceWorker.js">
          <metrics statements="15" coveredstatements="0" conditionals="21" coveredconditionals="0" methods="15" coveredmethods="0"/>
          <line num="1" count="0" type="stmt"/>
          <line num="21" count="0" type="stmt"/>
          <line num="118" count="0" type="cond" truecount="0" falsecount="3"/>
          <line num="120" count="0" type="cond" truecount="0" falsecount="4"/>
          <line num="121" count="0" type="cond" truecount="0" falsecount="2"/>
          <line num="124" count="0" type="cond" truecount="0" falsecount="2"/>
          <line num="125" count="0" type="stmt"/>
          <line num="127" count="0" type="stmt"/>
          <line num="128" count="0" type="cond" truecount="0" falsecount="4"/>
          <line num="132" count="0" type="stmt"/>
          <line num="135" count="0" type="stmt"/>
          <line num="136" count="0" type="stmt"/>
          <line num="137" count="0" type="cond" truecount="0" falsecount="4"/>
          <line num="138" count="0" type="stmt"/>
          <line num="139" count="0" type="cond" truecount="0" falsecount="2"/>
        </file>
      </package>
      <package name="src.actions">
        <metrics statements="70" coveredstatements="27" conditionals="14" coveredconditionals="0" methods="36" coveredmethods="0"/>
        <file name="authorisationError.js" path="/home/bober/apps/cookbook-app/lib/client/src/actions/authorisationError.js">
          <metrics statements="2" coveredstatements="2" conditionals="0" coveredconditionals="0" methods="1" coveredmethods="0"/>
          <line num="1" count="2" type="stmt"/>
          <line num="3" count="2" type="stmt"/>
        </file>
        <file name="checkUserPassword.js" path="/home/bober/apps/cookbook-app/lib/client/src/actions/checkUserPassword.js">
          <metrics statements="9" coveredstatements="1" conditionals="4" coveredconditionals="0" methods="4" coveredmethods="0"/>
          <line num="6" count="1" type="stmt"/>
          <line num="7" count="0" type="stmt"/>
          <line num="10" count="0" type="cond" truecount="0" falsecount="2"/>
          <line num="11" count="0" type="stmt"/>
          <line num="13" count="0" type="stmt"/>
          <line num="17" count="0" type="cond" truecount="0" falsecount="2"/>
          <line num="19" count="0" type="stmt"/>
          <line num="20" count="0" type="stmt"/>
          <line num="23" count="0" type="stmt"/>
        </file>
        <file name="fetchComments.js" path="/home/bober/apps/cookbook-app/lib/client/src/actions/fetchComments.js">
          <metrics statements="5" coveredstatements="1" conditionals="0" coveredconditionals="0" methods="4" coveredmethods="0"/>
          <line num="6" count="1" type="stmt"/>
          <line num="7" count="0" type="stmt"/>
          <line num="8" count="0" type="stmt"/>
          <line num="14" count="0" type="stmt"/>
          <line num="15" count="0" type="stmt"/>
        </file>
        <file name="fetchItems.js" path="/home/bober/apps/cookbook-app/lib/client/src/actions/fetchItems.js">
          <metrics statements="5" coveredstatements="1" conditionals="0" coveredconditionals="0" methods="4" coveredmethods="0"/>
          <line num="6" count="3" type="stmt"/>
          <line num="7" count="0" type="stmt"/>
          <line num="8" count="0" type="stmt"/>
          <line num="14" count="0" type="stmt"/>
          <line num="15" count="0" type="stmt"/>
        </file>
        <file name="fetchItemsIfNeeded.js" path="/home/bober/apps/cookbook-app/lib/client/src/actions/fetchItemsIfNeeded.js">
          <metrics statements="10" coveredstatements="1" conditionals="6" coveredconditionals="0" methods="3" coveredmethods="0"/>
          <line num="3" count="3" type="stmt"/>
          <line num="4" count="0" type="cond" truecount="0" falsecount="2"/>
          <line num="5" count="0" type="stmt"/>
          <line num="8" count="0" type="stmt"/>
          <line num="16" count="0" type="stmt"/>
          <line num="18" count="0" type="cond" truecount="0" falsecount="2"/>
          <line num="19" count="0" type="stmt"/>
          <line num="22" count="0" type="cond" truecount="0" falsecount="2"/>
          <line num="23" count="0" type="stmt"/>
          <line num="26" count="0" type="stmt"/>
        </file>
        <file name="pushUserData.js" path="/home/bober/apps/cookbook-app/lib/client/src/actions/pushUserData.js">
          <metrics statements="10" coveredstatements="1" conditionals="4" coveredconditionals="0" methods="4" coveredmethods="0"/>
          <line num="7" count="1" type="stmt"/>
          <line num="12" count="0" type="stmt"/>
          <line num="14" count="0" type="stmt"/>
          <line num="16" count="0" type="stmt"/>
          <line num="23" count="0" type="cond" truecount="0" falsecount="2"/>
          <line num="24" count="0" type="stmt"/>
          <line num="27" count="0" type="stmt"/>
          <line num="31" count="0" type="cond" truecount="0" falsecount="2"/>
          <line num="32" count="0" type="stmt"/>
          <line num="34" count="0" type="stmt"/>
        </file>
        <file name="pushUserImage.js" path="/home/bober/apps/cookbook-app/lib/client/src/actions/pushUserImage.js">
          <metrics statements="6" coveredstatements="1" conditionals="0" coveredconditionals="0" methods="3" coveredmethods="0"/>
          <line num="3" count="1" type="stmt"/>
          <line num="4" count="0" type="stmt"/>
          <line num="6" count="0" type="stmt"/>
          <line num="7" count="0" type="stmt"/>
          <line num="9" count="0" type="stmt"/>
          <line num="11" count="0" type="stmt"/>
        </file>
        <file name="receiveComments.js" path="/home/bober/apps/cookbook-app/lib/client/src/actions/receiveComments.js">
          <metrics statements="2" coveredstatements="2" conditionals="0" coveredconditionals="0" methods="1" coveredmethods="0"/>
          <line num="1" count="2" type="stmt"/>
          <line num="3" count="2" type="stmt"/>
        </file>
        <file name="receiveItems.js" path="/home/bober/apps/cookbook-app/lib/client/src/actions/receiveItems.js">
          <metrics statements="2" coveredstatements="2" conditionals="0" coveredconditionals="0" methods="1" coveredmethods="0"/>
          <line num="1" count="5" type="stmt"/>
          <line num="3" count="5" type="stmt"/>
        </file>
        <file name="requestComments.js" path="/home/bober/apps/cookbook-app/lib/client/src/actions/requestComments.js">
          <metrics statements="2" coveredstatements="2" conditionals="0" coveredconditionals="0" methods="1" coveredmethods="0"/>
          <line num="1" count="2" type="stmt"/>
          <line num="3" count="2" type="stmt"/>
        </file>
        <file name="requestItems.js" path="/home/bober/apps/cookbook-app/lib/client/src/actions/requestItems.js">
          <metrics statements="2" coveredstatements="2" conditionals="0" coveredconditionals="0" methods="1" coveredmethods="0"/>
          <line num="1" count="5" type="stmt"/>
          <line num="3" count="5" type="stmt"/>
        </file>
        <file name="searchItems.js" path="/home/bober/apps/cookbook-app/lib/client/src/actions/searchItems.js">
          <metrics statements="5" coveredstatements="1" conditionals="0" coveredconditionals="0" methods="4" coveredmethods="0"/>
          <line num="6" count="2" type="stmt"/>
          <line num="7" count="0" type="stmt"/>
          <line num="8" count="0" type="stmt"/>
          <line num="14" count="0" type="stmt"/>
          <line num="15" count="0" type="stmt"/>
        </file>
        <file name="selectCategory.js" path="/home/bober/apps/cookbook-app/lib/client/src/actions/selectCategory.js">
          <metrics statements="2" coveredstatements="2" conditionals="0" coveredconditionals="0" methods="1" coveredmethods="0"/>
          <line num="1" count="6" type="stmt"/>
          <line num="3" count="6" type="stmt"/>
        </file>
        <file name="signInError.js" path="/home/bober/apps/cookbook-app/lib/client/src/actions/signInError.js">
          <metrics statements="2" coveredstatements="2" conditionals="0" coveredconditionals="0" methods="1" coveredmethods="0"/>
          <line num="1" count="2" type="stmt"/>
          <line num="3" count="2" type="stmt"/>
        </file>
        <file name="userLogin.js" path="/home/bober/apps/cookbook-app/lib/client/src/actions/userLogin.js">
          <metrics statements="2" coveredstatements="2" conditionals="0" coveredconditionals="0" methods="1" coveredmethods="0"/>
          <line num="1" count="2" type="stmt"/>
          <line num="3" count="2" type="stmt"/>
        </file>
        <file name="userLogout.js" path="/home/bober/apps/cookbook-app/lib/client/src/actions/userLogout.js">
          <metrics statements="2" coveredstatements="2" conditionals="0" coveredconditionals="0" methods="1" coveredmethods="0"/>
          <line num="1" count="2" type="stmt"/>
          <line num="3" count="2" type="stmt"/>
        </file>
        <file name="userSignIn.js" path="/home/bober/apps/cookbook-app/lib/client/src/actions/userSignIn.js">
          <metrics statements="2" coveredstatements="2" conditionals="0" coveredconditionals="0" methods="1" coveredmethods="0"/>
          <line num="1" count="1" type="stmt"/>
          <line num="3" count="1" type="stmt"/>
        </file>
      </package>
      <package name="src.components.Banner">
        <metrics statements="24" coveredstatements="18" conditionals="6" coveredconditionals="4" methods="8" coveredmethods="5"/>
        <file name="Banner.jsx" path="/home/bober/apps/cookbook-app/lib/client/src/components/Banner/Banner.jsx">
          <metrics statements="24" coveredstatements="18" conditionals="6" coveredconditionals="4" methods="8" coveredmethods="5"/>
          <line num="8" count="3" type="stmt"/>
          <line num="9" count="3" type="stmt"/>
          <line num="10" count="3" type="stmt"/>
          <line num="13" count="3" type="stmt"/>
          <line num="14" count="3" type="stmt"/>
          <line num="18" count="0" type="stmt"/>
          <line num="22" count="0" type="stmt"/>
          <line num="25" count="0" type="cond" truecount="0" falsecount="2"/>
          <line num="26" count="0" type="stmt"/>
          <line num="28" count="0" type="stmt"/>
          <line num="31" count="0" type="stmt"/>
          <line num="36" count="1" type="stmt"/>
          <line num="37" count="1" type="stmt"/>
          <line num="41" count="4" type="stmt"/>
          <line num="42" count="4" type="stmt"/>
          <line num="44" count="4" type="cond" truecount="2" falsecount="0"/>
          <line num="46" count="3" type="stmt"/>
          <line num="49" count="15" type="cond" truecount="2" falsecount="0"/>
          <line num="50" count="3" type="stmt"/>
          <line num="52" count="12" type="stmt"/>
          <line num="55" count="15" type="stmt"/>
          <line num="59" count="1" type="stmt"/>
          <line num="66" count="3" type="stmt"/>
          <line num="98" count="2" type="stmt"/>
        </file>
      </package>
      <package name="src.components.Comment">
        <metrics statements="2" coveredstatements="2" conditionals="0" coveredconditionals="0" methods="1" coveredmethods="1"/>
        <file name="Comment.jsx" path="/home/bober/apps/cookbook-app/lib/client/src/components/Comment/Comment.jsx">
          <metrics statements="2" coveredstatements="2" conditionals="0" coveredconditionals="0" methods="1" coveredmethods="1"/>
          <line num="6" count="1" type="stmt"/>
          <line num="34" count="3" type="stmt"/>
        </file>
      </package>
      <package name="src.components.CommentInput">
        <metrics statements="14" coveredstatements="7" conditionals="2" coveredconditionals="0" methods="5" coveredmethods="2"/>
        <file name="CommentInput.jsx" path="/home/bober/apps/cookbook-app/lib/client/src/components/CommentInput/CommentInput.jsx">
          <metrics statements="14" coveredstatements="7" conditionals="2" coveredconditionals="0" methods="5" coveredmethods="2"/>
          <line num="8" count="1" type="stmt"/>
          <line num="9" count="1" type="stmt"/>
          <line num="12" count="1" type="stmt"/>
          <line num="13" count="1" type="stmt"/>
          <line num="17" count="0" type="stmt"/>
          <line num="23" count="0" type="stmt"/>
          <line num="24" count="0" type="stmt"/>
          <line num="26" count="0" type="cond" truecount="0" falsecount="2"/>
          <line num="29" count="0" type="stmt"/>
          <line num="34" count="0" type="stmt"/>
          <line num="36" count="0" type="stmt"/>
          <line num="40" count="1" type="stmt"/>
          <line num="42" count="1" type="stmt"/>
          <line num="68" count="3" type="stmt"/>
        </file>
      </package>
      <package name="src.components.CommentsList">
        <metrics statements="9" coveredstatements="8" conditionals="2" coveredconditionals="1" methods="3" coveredmethods="3"/>
        <file name="CommentsList.jsx" path="/home/bober/apps/cookbook-app/lib/client/src/components/CommentsList/CommentsList.jsx">
          <metrics statements="9" coveredstatements="8" conditionals="2" coveredconditionals="1" methods="3" coveredmethods="3"/>
          <line num="10" count="1" type="stmt"/>
          <line num="19" count="1" type="stmt"/>
          <line num="20" count="1" type="stmt"/>
          <line num="21" count="1" type="stmt"/>
          <line num="31" count="1" type="cond" truecount="1" falsecount="1"/>
          <line num="32" count="0" type="stmt"/>
          <line num="41" count="1" type="stmt"/>
          <line num="63" count="2" type="stmt"/>
          <line num="67" count="2" type="stmt"/>
        </file>
      </package>
      <package name="src.components.Footer">
        <metrics statements="1" coveredstatements="1" conditionals="0" coveredconditionals="0" methods="1" coveredmethods="1"/>
        <file name="Footer.jsx" path="/home/bober/apps/cookbook-app/lib/client/src/components/Footer/Footer.jsx">
          <metrics statements="1" coveredstatements="1" conditionals="0" coveredconditionals="0" methods="1" coveredmethods="1"/>
          <line num="7" count="1" type="stmt"/>
        </file>
      </package>
      <package name="src.components.ItemsList">
        <metrics statements="15" coveredstatements="12" conditionals="8" coveredconditionals="5" methods="3" coveredmethods="3"/>
        <file name="ItemsList.jsx" path="/home/bober/apps/cookbook-app/lib/client/src/components/ItemsList/ItemsList.jsx">
          <metrics statements="15" coveredstatements="12" conditionals="8" coveredconditionals="5" methods="3" coveredmethods="3"/>
          <line num="10" count="2" type="stmt"/>
          <line num="13" count="2" type="cond" truecount="1" falsecount="1"/>
          <line num="14" count="0" type="cond" truecount="0" falsecount="2"/>
          <line num="15" count="0" type="stmt"/>
          <line num="17" count="0" type="stmt"/>
          <line num="23" count="5" type="stmt"/>
          <line num="24" count="5" type="stmt"/>
          <line num="25" count="2" type="stmt"/>
          <line num="32" count="5" type="cond" truecount="2" falsecount="0"/>
          <line num="33" count="1" type="stmt"/>
          <line num="44" count="4" type="cond" truecount="2" falsecount="0"/>
          <line num="45" count="2" type="stmt"/>
          <line num="52" count="2" type="stmt"/>
          <line num="62" count="2" type="stmt"/>
          <line num="67" count="2" type="stmt"/>
        </file>
      </package>
      <package name="src.components.NavMenu">
        <metrics statements="9" coveredstatements="9" conditionals="2" coveredconditionals="2" methods="4" coveredmethods="4"/>
        <file name="NavMenu.jsx" path="/home/bober/apps/cookbook-app/lib/client/src/components/NavMenu/NavMenu.jsx">
          <metrics statements="9" coveredstatements="9" conditionals="2" coveredconditionals="2" methods="4" coveredmethods="4"/>
          <line num="12" count="1" type="stmt"/>
          <line num="13" count="1" type="stmt"/>
          <line num="16" count="1" type="stmt"/>
          <line num="20" count="2" type="stmt"/>
          <line num="21" count="2" type="stmt"/>
          <line num="26" count="3" type="stmt"/>
          <line num="27" count="3" type="stmt"/>
          <line num="29" count="3" type="stmt"/>
          <line num="62" count="1" type="stmt"/>
        </file>
      </package>
      <package name="src.components.PhotoItem">
        <metrics statements="2" coveredstatements="2" conditionals="0" coveredconditionals="0" methods="1" coveredmethods="1"/>
        <file name="PhotoItem.jsx" path="/home/bober/apps/cookbook-app/lib/client/src/components/PhotoItem/PhotoItem.jsx">
          <metrics statements="2" coveredstatements="2" conditionals="0" coveredconditionals="0" methods="1" coveredmethods="1"/>
          <line num="6" count="1" type="stmt"/>
          <line num="18" count="1" type="stmt"/>
        </file>
      </package>
      <package name="src.components.Recipe">
        <metrics statements="4" coveredstatements="4" conditionals="0" coveredconditionals="0" methods="2" coveredmethods="2"/>
        <file name="Recipe.jsx" path="/home/bober/apps/cookbook-app/lib/client/src/components/Recipe/Recipe.jsx">
          <metrics statements="4" coveredstatements="4" conditionals="0" coveredconditionals="0" methods="2" coveredmethods="2"/>
          <line num="9" count="1" type="stmt"/>
          <line num="10" count="2" type="stmt"/>
          <line num="15" count="1" type="stmt"/>
          <line num="49" count="2" type="stmt"/>
        </file>
      </package>
      <package name="src.components.RecipeItem">
        <metrics statements="5" coveredstatements="5" conditionals="0" coveredconditionals="0" methods="2" coveredmethods="2"/>
        <file name="RecipeItem.jsx" path="/home/bober/apps/cookbook-app/lib/client/src/components/RecipeItem/RecipeItem.jsx">
          <metrics statements="5" coveredstatements="5" conditionals="0" coveredconditionals="0" methods="2" coveredmethods="2"/>
          <line num="10" count="1" type="stmt"/>
          <line num="11" count="1" type="stmt"/>
          <line num="12" count="1" type="stmt"/>
          <line num="15" count="1" type="stmt"/>
          <line num="41" count="1" type="stmt"/>
        </file>
      </package>
      <package name="src.components.UserLogin">
        <metrics statements="30" coveredstatements="22" conditionals="17" coveredconditionals="15" methods="10" coveredmethods="4"/>
        <file name="UserLogin.jsx" path="/home/bober/apps/cookbook-app/lib/client/src/components/UserLogin/UserLogin.jsx">
          <metrics statements="30" coveredstatements="22" conditionals="17" coveredconditionals="15" methods="10" coveredmethods="4"/>
          <line num="12" count="2" type="stmt"/>
          <line num="13" count="2" type="stmt"/>
          <line num="20" count="2" type="stmt"/>
          <line num="21" count="2" type="stmt"/>
          <line num="22" count="2" type="stmt"/>
          <line num="23" count="2" type="stmt"/>
          <line num="27" count="0" type="stmt"/>
          <line num="29" count="0" type="stmt"/>
          <line num="30" count="0" type="stmt"/>
          <line num="34" count="2" type="stmt"/>
          <line num="35" count="2" type="stmt"/>
          <line num="37" count="2" type="cond" truecount="4" falsecount="0"/>
          <line num="39" count="1" type="stmt"/>
          <line num="43" count="1" type="stmt"/>
          <line num="50" count="2" type="stmt"/>
          <line num="51" count="2" type="stmt"/>
          <line num="53" count="2" type="cond" truecount="5" falsecount="0"/>
          <line num="55" count="1" type="stmt"/>
          <line num="60" count="1" type="stmt"/>
          <line num="68" count="0" type="stmt"/>
          <line num="80" count="7" type="stmt"/>
          <line num="86" count="7" type="stmt"/>
          <line num="88" count="7" type="cond" truecount="2" falsecount="0"/>
          <line num="89" count="1" type="stmt"/>
          <line num="97" count="6" type="stmt"/>
          <line num="106" count="0" type="stmt"/>
          <line num="113" count="0" type="stmt"/>
          <line num="140" count="0" type="stmt"/>
          <line num="147" count="0" type="stmt"/>
          <line num="184" count="2" type="stmt"/>
        </file>
      </package>
      <package name="src.components.UserLogout">
        <metrics statements="2" coveredstatements="1" conditionals="0" coveredconditionals="0" methods="1" coveredmethods="0"/>
        <file name="UserLogout.jsx" path="/home/bober/apps/cookbook-app/lib/client/src/components/UserLogout/UserLogout.jsx">
          <metrics statements="2" coveredstatements="1" conditionals="0" coveredconditionals="0" methods="1" coveredmethods="0"/>
          <line num="6" count="0" type="stmt"/>
          <line num="24" count="2" type="stmt"/>
        </file>
      </package>
      <package name="src.components.VideoItem">
        <metrics statements="2" coveredstatements="2" conditionals="0" coveredconditionals="0" methods="1" coveredmethods="1"/>
        <file name="VideoItem.jsx" path="/home/bober/apps/cookbook-app/lib/client/src/components/VideoItem/VideoItem.jsx">
          <metrics statements="2" coveredstatements="2" conditionals="0" coveredconditionals="0" methods="1" coveredmethods="1"/>
          <line num="7" count="1" type="stmt"/>
          <line num="24" count="1" type="stmt"/>
        </file>
      </package>
      <package name="src.constants">
        <metrics statements="1" coveredstatements="1" conditionals="0" coveredconditionals="0" methods="0" coveredmethods="0"/>
        <file name="links.js" path="/home/bober/apps/cookbook-app/lib/client/src/constants/links.js">
          <metrics statements="1" coveredstatements="1" conditionals="0" coveredconditionals="0" methods="0" coveredmethods="0"/>
          <line num="1" count="3" type="stmt"/>
        </file>
      </package>
      <package name="src.containers.BannerContainer">
        <metrics statements="5" coveredstatements="5" conditionals="2" coveredconditionals="2" methods="2" coveredmethods="2"/>
        <file name="BannerContainer.js" path="/home/bober/apps/cookbook-app/lib/client/src/containers/BannerContainer/BannerContainer.js">
          <metrics statements="5" coveredstatements="5" conditionals="2" coveredconditionals="2" methods="2" coveredmethods="2"/>
          <line num="5" count="2" type="stmt"/>
          <line num="12" count="1" type="stmt"/>
          <line num="21" count="2" type="cond" truecount="2" falsecount="0"/>
          <line num="22" count="1" type="stmt"/>
          <line num="25" count="1" type="stmt"/>
        </file>
      </package>
      <package name="src.containers.ItemsListContainer">
        <metrics statements="7" coveredstatements="6" conditionals="2" coveredconditionals="2" methods="4" coveredmethods="3"/>
        <file name="ItemsListContainer.js" path="/home/bober/apps/cookbook-app/lib/client/src/containers/ItemsListContainer/ItemsListContainer.js">
          <metrics statements="7" coveredstatements="6" conditionals="2" coveredconditionals="2" methods="4" coveredmethods="3"/>
          <line num="6" count="2" type="stmt"/>
          <line num="18" count="2" type="stmt"/>
          <line num="19" count="0" type="stmt"/>
          <line num="22" count="1" type="stmt"/>
          <line num="32" count="4" type="cond" truecount="2" falsecount="0"/>
          <line num="33" count="2" type="stmt"/>
          <line num="36" count="2" type="stmt"/>
        </file>
      </package>
      <package name="src.containers.NavBar">
        <metrics statements="8" coveredstatements="5" conditionals="0" coveredconditionals="0" methods="4" coveredmethods="2"/>
        <file name="NavBar.jsx" path="/home/bober/apps/cookbook-app/lib/client/src/containers/NavBar/NavBar.jsx">
          <metrics statements="8" coveredstatements="5" conditionals="0" coveredconditionals="0" methods="4" coveredmethods="2"/>
          <line num="12" count="1" type="stmt"/>
          <line num="13" count="0" type="stmt"/>
          <line num="14" count="0" type="stmt"/>
          <line num="17" count="1" type="stmt"/>
          <line num="18" count="5" type="stmt"/>
          <line num="22" count="0" type="stmt"/>
          <line num="28" count="1" type="stmt"/>
          <line num="37" count="3" type="stmt"/>
        </file>
      </package>
      <package name="src.containers.RecipeContainer">
        <metrics statements="7" coveredstatements="5" conditionals="4" coveredconditionals="1" methods="5" coveredmethods="3"/>
        <file name="RecipeContainer.jsx" path="/home/bober/apps/cookbook-app/lib/client/src/containers/RecipeContainer/RecipeContainer.jsx">
          <metrics statements="7" coveredstatements="5" conditionals="4" coveredconditionals="1" methods="5" coveredmethods="3"/>
          <line num="11" count="1" type="stmt"/>
          <line num="12" count="1" type="stmt"/>
          <line num="16" count="0" type="stmt"/>
          <line num="23" count="0" type="stmt"/>
          <line num="32" count="1" type="stmt"/>
          <line num="41" count="1" type="stmt"/>
          <line num="49" count="1" type="stmt"/>
        </file>
      </package>
      <package name="src.containers.SearchBar">
        <metrics statements="15" coveredstatements="7" conditionals="4" coveredconditionals="0" methods="4" coveredmethods="2"/>
        <file name="SearchBar.jsx" path="/home/bober/apps/cookbook-app/lib/client/src/containers/SearchBar/SearchBar.jsx">
          <metrics statements="15" coveredstatements="7" conditionals="4" coveredconditionals="0" methods="4" coveredmethods="2"/>
          <line num="14" count="1" type="stmt"/>
          <line num="15" count="1" type="stmt"/>
          <line num="18" count="1" type="stmt"/>
          <line num="19" count="1" type="stmt"/>
          <line num="23" count="0" type="stmt"/>
          <line num="27" count="0" type="stmt"/>
          <line num="29" count="0" type="stmt"/>
          <line num="32" count="0" type="cond" truecount="0" falsecount="2"/>
          <line num="33" count="0" type="stmt"/>
          <line num="34" count="0" type="stmt"/>
          <line num="36" count="0" type="cond" truecount="0" falsecount="2"/>
          <line num="37" count="0" type="stmt"/>
          <line num="42" count="1" type="stmt"/>
          <line num="44" count="1" type="stmt"/>
          <line num="65" count="2" type="stmt"/>
        </file>
      </package>
      <package name="src.containers.UserLoginContainer">
        <metrics statements="6" coveredstatements="3" conditionals="0" coveredconditionals="0" methods="5" coveredmethods="2"/>
        <file name="UserLoginContainer.js" path="/home/bober/apps/cookbook-app/lib/client/src/containers/UserLoginContainer/UserLoginContainer.js">
          <metrics statements="6" coveredstatements="3" conditionals="0" coveredconditionals="0" methods="5" coveredmethods="2"/>
          <line num="8" count="1" type="stmt"/>
          <line num="14" count="1" type="stmt"/>
          <line num="15" count="0" type="stmt"/>
          <line num="16" count="0" type="stmt"/>
          <line num="17" count="0" type="stmt"/>
          <line num="20" count="1" type="stmt"/>
        </file>
      </package>
      <package name="src.reducers">
        <metrics statements="8" coveredstatements="0" conditionals="4" coveredconditionals="0" methods="1" coveredmethods="0"/>
        <file name="combinedReducers.js" path="/home/bober/apps/cookbook-app/lib/client/src/reducers/combinedReducers.js">
          <metrics statements="8" coveredstatements="0" conditionals="4" coveredconditionals="0" methods="1" coveredmethods="0"/>
          <line num="1" count="0" type="stmt"/>
          <line num="3" count="0" type="stmt"/>
          <line num="4" count="0" type="stmt"/>
          <line num="5" count="0" type="stmt"/>
          <line num="6" count="0" type="stmt"/>
          <line num="7" count="0" type="cond" truecount="0" falsecount="4"/>
          <line num="9" count="0" type="stmt"/>
          <line num="14" count="0" type="stmt"/>
        </file>
      </package>
      <package name="src.reducers.activeUser">
        <metrics statements="4" coveredstatements="4" conditionals="4" coveredconditionals="4" methods="1" coveredmethods="1"/>
        <file name="activeUser.js" path="/home/bober/apps/cookbook-app/lib/client/src/reducers/activeUser/activeUser.js">
          <metrics statements="4" coveredstatements="4" conditionals="4" coveredconditionals="4" methods="1" coveredmethods="1"/>
          <line num="5" count="3" type="cond" truecount="3" falsecount="0"/>
          <line num="7" count="1" type="stmt"/>
          <line num="10" count="1" type="stmt"/>
          <line num="13" count="1" type="stmt"/>
        </file>
      </package>
      <package name="src.reducers.commentsByRecipe">
        <metrics statements="7" coveredstatements="6" conditionals="8" coveredconditionals="7" methods="2" coveredmethods="2"/>
        <file name="commentsByRecipe.js" path="/home/bober/apps/cookbook-app/lib/client/src/reducers/commentsByRecipe/commentsByRecipe.js">
          <metrics statements="7" coveredstatements="6" conditionals="8" coveredconditionals="7" methods="2" coveredmethods="2"/>
          <line num="11" count="2" type="cond" truecount="2" falsecount="1"/>
          <line num="13" count="1" type="stmt"/>
          <line num="18" count="1" type="stmt"/>
          <line num="25" count="0" type="stmt"/>
          <line num="30" count="3" type="cond" truecount="3" falsecount="0"/>
          <line num="33" count="2" type="stmt"/>
          <line num="39" count="1" type="stmt"/>
        </file>
      </package>
      <package name="src.reducers.errors">
        <metrics statements="4" coveredstatements="4" conditionals="4" coveredconditionals="4" methods="1" coveredmethods="1"/>
        <file name="errors.js" path="/home/bober/apps/cookbook-app/lib/client/src/reducers/errors/errors.js">
          <metrics statements="4" coveredstatements="4" conditionals="4" coveredconditionals="4" methods="1" coveredmethods="1"/>
          <line num="11" count="3" type="cond" truecount="3" falsecount="0"/>
          <line num="13" count="1" type="stmt"/>
          <line num="19" count="1" type="stmt"/>
          <line num="25" count="1" type="stmt"/>
        </file>
      </package>
      <package name="src.reducers.itemsByCategory">
        <metrics statements="7" coveredstatements="6" conditionals="8" coveredconditionals="7" methods="2" coveredmethods="2"/>
        <file name="itemsByCategory.js" path="/home/bober/apps/cookbook-app/lib/client/src/reducers/itemsByCategory/itemsByCategory.js">
          <metrics statements="7" coveredstatements="6" conditionals="8" coveredconditionals="7" methods="2" coveredmethods="2"/>
          <line num="11" count="2" type="cond" truecount="2" falsecount="1"/>
          <line num="13" count="1" type="stmt"/>
          <line num="18" count="1" type="stmt"/>
          <line num="25" count="0" type="stmt"/>
          <line num="30" count="3" type="cond" truecount="3" falsecount="0"/>
          <line num="33" count="2" type="stmt"/>
          <line num="39" count="1" type="stmt"/>
        </file>
      </package>
      <package name="src.reducers.selectedCategory">
        <metrics statements="3" coveredstatements="3" conditionals="3" coveredconditionals="3" methods="1" coveredmethods="1"/>
        <file name="selectedCategory.js" path="/home/bober/apps/cookbook-app/lib/client/src/reducers/selectedCategory/selectedCategory.js">
          <metrics statements="3" coveredstatements="3" conditionals="3" coveredconditionals="3" methods="1" coveredmethods="1"/>
          <line num="4" count="2" type="cond" truecount="2" falsecount="0"/>
          <line num="6" count="1" type="stmt"/>
          <line num="9" count="1" type="stmt"/>
        </file>
      </package>
    </metrics>
  </project>
</coverage>
