{"/home/bober/apps/cookbook-app/lib/client/src/App.jsx": {"path":"/home/bober/apps/cookbook-app/lib/client/src/App.jsx","statementMap":{"0":{"start":{"line":1,"column":13},"end":{"line":1,"column":75}},"1":{"start":{"line":1,"column":94},"end":{"line":1,"column":148}},"2":{"start":{"line":1,"column":167},"end":{"line":1,"column":189}},"3":{"start":{"line":2,"column":13},"end":{"line":2,"column":29}},"4":{"start":{"line":2,"column":44},"end":{"line":2,"column":74}},"5":{"start":{"line":3,"column":22},"end":{"line":3,"column":49}},"6":{"start":{"line":4,"column":0},"end":{"line":4,"column":21}},"7":{"start":{"line":6,"column":23},"end":{"line":6,"column":78}},"8":{"start":{"line":6,"column":103},"end":{"line":6,"column":143}},"9":{"start":{"line":7,"column":18},"end":{"line":7,"column":49}},"10":{"start":{"line":7,"column":69},"end":{"line":7,"column":104}},"11":{"start":{"line":8,"column":14},"end":{"line":8,"column":51}},"12":{"start":{"line":8,"column":67},"end":{"line":8,"column":98}},"13":{"start":{"line":9,"column":26},"end":{"line":9,"column":87}},"14":{"start":{"line":9,"column":115},"end":{"line":9,"column":158}},"15":{"start":{"line":10,"column":15},"end":{"line":10,"column":54}},"16":{"start":{"line":10,"column":71},"end":{"line":10,"column":103}},"17":{"start":{"line":11,"column":17},"end":{"line":11,"column":60}},"18":{"start":{"line":11,"column":79},"end":{"line":11,"column":113}},"19":{"start":{"line":12,"column":23},"end":{"line":12,"column":78}},"20":{"start":{"line":12,"column":103},"end":{"line":12,"column":143}},"21":{"start":{"line":13,"column":18},"end":{"line":13,"column":63}},"22":{"start":{"line":13,"column":83},"end":{"line":13,"column":118}},"23":{"start":{"line":14,"column":26},"end":{"line":14,"column":87}},"24":{"start":{"line":14,"column":115},"end":{"line":14,"column":158}},"25":{"start":{"line":15,"column":17},"end":{"line":15,"column":60}},"26":{"start":{"line":15,"column":79},"end":{"line":15,"column":113}},"27":{"start":{"line":15,"column":152},"end":{"line":15,"column":206}},"28":{"start":{"line":18,"column":36},"end":{"line":19,"column":15}},"29":{"start":{"line":19,"column":33},"end":{"line":19,"column":48}},"30":{"start":{"line":21,"column":4},"end":{"line":21,"column":51}},"31":{"start":{"line":24,"column":26},"end":{"line":25,"column":15}},"32":{"start":{"line":25,"column":32},"end":{"line":25,"column":47}},"33":{"start":{"line":25,"column":59},"end":{"line":25,"column":75}},"34":{"start":{"line":27,"column":4},"end":{"line":68,"column":130}},"35":{"start":{"line":43,"column":29},"end":{"line":43,"column":213}},"36":{"start":{"line":47,"column":29},"end":{"line":47,"column":214}},"37":{"start":{"line":51,"column":29},"end":{"line":51,"column":213}},"38":{"start":{"line":56,"column":29},"end":{"line":56,"column":214}},"39":{"start":{"line":61,"column":29},"end":{"line":61,"column":214}},"40":{"start":{"line":71,"column":4},"end":{"line":74,"column":32}}},"fnMap":{"0":{"name":"_interopRequireDefault","decl":{"start":{"line":15,"column":123},"end":{"line":15,"column":145}},"loc":{"start":{"line":15,"column":151},"end":{"line":15,"column":207}},"line":15},"1":{"name":"(anonymous_1)","decl":{"start":{"line":18,"column":2},"end":{"line":18,"column":3}},"loc":{"start":{"line":18,"column":22},"end":{"line":22,"column":3}},"line":18},"2":{"name":"(anonymous_2)","decl":{"start":{"line":24,"column":2},"end":{"line":24,"column":3}},"loc":{"start":{"line":24,"column":11},"end":{"line":71,"column":3}},"line":24},"3":{"name":"(anonymous_3)","decl":{"start":{"line":43,"column":20},"end":{"line":43,"column":21}},"loc":{"start":{"line":43,"column":29},"end":{"line":43,"column":213}},"line":43},"4":{"name":"(anonymous_4)","decl":{"start":{"line":47,"column":20},"end":{"line":47,"column":21}},"loc":{"start":{"line":47,"column":29},"end":{"line":47,"column":214}},"line":47},"5":{"name":"(anonymous_5)","decl":{"start":{"line":51,"column":20},"end":{"line":51,"column":21}},"loc":{"start":{"line":51,"column":29},"end":{"line":51,"column":213}},"line":51},"6":{"name":"(anonymous_6)","decl":{"start":{"line":56,"column":20},"end":{"line":56,"column":21}},"loc":{"start":{"line":56,"column":29},"end":{"line":56,"column":214}},"line":56},"7":{"name":"(anonymous_7)","decl":{"start":{"line":61,"column":20},"end":{"line":61,"column":21}},"loc":{"start":{"line":61,"column":29},"end":{"line":61,"column":214}},"line":61}},"branchMap":{"0":{"loc":{"start":{"line":15,"column":159},"end":{"line":15,"column":205}},"type":"cond-expr","locations":[{"start":{"line":15,"column":183},"end":{"line":15,"column":186}},{"start":{"line":15,"column":189},"end":{"line":15,"column":205}}],"line":15},"1":{"loc":{"start":{"line":15,"column":159},"end":{"line":15,"column":180}},"type":"binary-expr","locations":[{"start":{"line":15,"column":159},"end":{"line":15,"column":162}},{"start":{"line":15,"column":166},"end":{"line":15,"column":180}}],"line":15}},"s":{"0":0,"1":0,"2":0,"3":0,"4":0,"5":0,"6":0,"7":0,"8":0,"9":0,"10":0,"11":0,"12":0,"13":0,"14":0,"15":0,"16":0,"17":0,"18":0,"19":0,"20":0,"21":0,"22":0,"23":0,"24":0,"25":0,"26":0,"27":0,"28":0,"29":0,"30":0,"31":0,"32":0,"33":0,"34":0,"35":0,"36":0,"37":0,"38":0,"39":0,"40":0},"f":{"0":0,"1":0,"2":0,"3":0,"4":0,"5":0,"6":0,"7":0},"b":{"0":[0,0],"1":[0,0]}}
,"/home/bober/apps/cookbook-app/lib/client/src/index.js": {"path":"/home/bober/apps/cookbook-app/lib/client/src/index.js","statementMap":{"0":{"start":{"line":1,"column":13},"end":{"line":1,"column":75}},"1":{"start":{"line":1,"column":94},"end":{"line":1,"column":149}},"2":{"start":{"line":1,"column":163},"end":{"line":1,"column":179}},"3":{"start":{"line":2,"column":19},"end":{"line":2,"column":42}},"4":{"start":{"line":2,"column":63},"end":{"line":2,"column":99}},"5":{"start":{"line":3,"column":13},"end":{"line":3,"column":29}},"6":{"start":{"line":3,"column":44},"end":{"line":3,"column":74}},"7":{"start":{"line":4,"column":16},"end":{"line":4,"column":36}},"8":{"start":{"line":4,"column":54},"end":{"line":4,"column":87}},"9":{"start":{"line":5,"column":18},"end":{"line":5,"column":40}},"10":{"start":{"line":6,"column":22},"end":{"line":6,"column":49}},"11":{"start":{"line":7,"column":18},"end":{"line":7,"column":40}},"12":{"start":{"line":7,"column":60},"end":{"line":7,"column":95}},"13":{"start":{"line":8,"column":29},"end":{"line":8,"column":63}},"14":{"start":{"line":8,"column":94},"end":{"line":8,"column":140}},"15":{"start":{"line":9,"column":0},"end":{"line":9,"column":23}},"16":{"start":{"line":11,"column":11},"end":{"line":11,"column":27}},"17":{"start":{"line":11,"column":40},"end":{"line":11,"column":68}},"18":{"start":{"line":12,"column":24},"end":{"line":12,"column":62}},"19":{"start":{"line":12,"column":88},"end":{"line":12,"column":129}},"20":{"start":{"line":12,"column":168},"end":{"line":12,"column":222}},"21":{"start":{"line":14,"column":14},"end":{"line":18,"column":22}},"22":{"start":{"line":23,"column":0},"end":{"line":25,"column":172}},"23":{"start":{"line":30,"column":0},"end":{"line":31,"column":43}},"24":{"start":{"line":34,"column":0},"end":{"line":34,"column":39}},"25":{"start":{"line":34,"column":39},"end":{"line":36,"column":9}}},"fnMap":{"0":{"name":"_interopRequireDefault","decl":{"start":{"line":12,"column":139},"end":{"line":12,"column":161}},"loc":{"start":{"line":12,"column":167},"end":{"line":12,"column":223}},"line":12}},"branchMap":{"0":{"loc":{"start":{"line":12,"column":175},"end":{"line":12,"column":221}},"type":"cond-expr","locations":[{"start":{"line":12,"column":199},"end":{"line":12,"column":202}},{"start":{"line":12,"column":205},"end":{"line":12,"column":221}}],"line":12},"1":{"loc":{"start":{"line":12,"column":175},"end":{"line":12,"column":196}},"type":"binary-expr","locations":[{"start":{"line":12,"column":175},"end":{"line":12,"column":178}},{"start":{"line":12,"column":182},"end":{"line":12,"column":196}}],"line":12}},"s":{"0":0,"1":0,"2":0,"3":0,"4":0,"5":0,"6":0,"7":0,"8":0,"9":0,"10":0,"11":0,"12":0,"13":0,"14":0,"15":0,"16":0,"17":0,"18":0,"19":0,"20":0,"21":0,"22":0,"23":0,"24":0,"25":0},"f":{"0":0},"b":{"0":[0,0],"1":[0,0]}}
,"/home/bober/apps/cookbook-app/lib/client/src/registerServiceWorker.js": {"path":"/home/bober/apps/cookbook-app/lib/client/src/registerServiceWorker.js","statementMap":{"0":{"start":{"line":1,"column":13},"end":{"line":1,"column":75}},"1":{"start":{"line":1,"column":75},"end":{"line":21,"column":9}},"2":{"start":{"line":21,"column":9},"end":{"line":111,"column":24}},"3":{"start":{"line":118,"column":20},"end":{"line":120,"column":89}},"4":{"start":{"line":120,"column":111},"end":{"line":128,"column":36}},"5":{"start":{"line":121,"column":22},"end":{"line":121,"column":70}},"6":{"start":{"line":121,"column":71},"end":{"line":124,"column":14}},"7":{"start":{"line":124,"column":6},"end":{"line":124,"column":13}},"8":{"start":{"line":124,"column":14},"end":{"line":128,"column":35}},"9":{"start":{"line":124,"column":67},"end":{"line":124,"column":112}},"10":{"start":{"line":124,"column":113},"end":{"line":128,"column":32}},"11":{"start":{"line":125,"column":8},"end":{"line":125,"column":39}},"12":{"start":{"line":127,"column":8},"end":{"line":127,"column":178}},"13":{"start":{"line":127,"column":50},"end":{"line":127,"column":175}},"14":{"start":{"line":128,"column":8},"end":{"line":128,"column":31}},"15":{"start":{"line":128,"column":70},"end":{"line":135,"column":156}},"16":{"start":{"line":128,"column":132},"end":{"line":135,"column":68}},"17":{"start":{"line":128,"column":193},"end":{"line":128,"column":216}},"18":{"start":{"line":128,"column":217},"end":{"line":135,"column":66}},"19":{"start":{"line":128,"column":257},"end":{"line":135,"column":64}},"20":{"start":{"line":128,"column":302},"end":{"line":135,"column":63}},"21":{"start":{"line":132,"column":12},"end":{"line":132,"column":69}},"22":{"start":{"line":135,"column":12},"end":{"line":135,"column":62}},"23":{"start":{"line":135,"column":87},"end":{"line":135,"column":153}},"24":{"start":{"line":136,"column":2},"end":{"line":139,"column":126}},"25":{"start":{"line":137,"column":4},"end":{"line":139,"column":30}},"26":{"start":{"line":138,"column":6},"end":{"line":138,"column":127}},"27":{"start":{"line":138,"column":58},"end":{"line":138,"column":124}},"28":{"start":{"line":138,"column":96},"end":{"line":138,"column":121}},"29":{"start":{"line":139,"column":6},"end":{"line":139,"column":29}},"30":{"start":{"line":139,"column":46},"end":{"line":139,"column":123}},"31":{"start":{"line":139,"column":150},"end":{"line":139,"column":267}},"32":{"start":{"line":139,"column":185},"end":{"line":139,"column":266}},"33":{"start":{"line":139,"column":237},"end":{"line":139,"column":263}}},"fnMap":{"0":{"name":"register","decl":{"start":{"line":120,"column":99},"end":{"line":120,"column":107}},"loc":{"start":{"line":120,"column":110},"end":{"line":128,"column":37}},"line":120},"1":{"name":"(anonymous_1)","decl":{"start":{"line":124,"column":46},"end":{"line":124,"column":47}},"loc":{"start":{"line":124,"column":52},"end":{"line":128,"column":33}},"line":124},"2":{"name":"(anonymous_2)","decl":{"start":{"line":127,"column":43},"end":{"line":127,"column":44}},"loc":{"start":{"line":127,"column":49},"end":{"line":127,"column":176}},"line":127},"3":{"name":"registerValidSW","decl":{"start":{"line":128,"column":46},"end":{"line":128,"column":61}},"loc":{"start":{"line":128,"column":69},"end":{"line":135,"column":157}},"line":128},"4":{"name":"(anonymous_4)","decl":{"start":{"line":128,"column":115},"end":{"line":128,"column":116}},"loc":{"start":{"line":128,"column":131},"end":{"line":135,"column":69}},"line":128},"5":{"name":"(anonymous_5)","decl":{"start":{"line":128,"column":161},"end":{"line":128,"column":162}},"loc":{"start":{"line":128,"column":167},"end":{"line":135,"column":67}},"line":128},"6":{"name":"(anonymous_6)","decl":{"start":{"line":128,"column":250},"end":{"line":128,"column":251}},"loc":{"start":{"line":128,"column":256},"end":{"line":135,"column":65}},"line":128},"7":{"name":"(anonymous_7)","decl":{"start":{"line":135,"column":77},"end":{"line":135,"column":78}},"loc":{"start":{"line":135,"column":86},"end":{"line":135,"column":154}},"line":135},"8":{"name":"checkValidServiceWorker","decl":{"start":{"line":135,"column":166},"end":{"line":135,"column":189}},"loc":{"start":{"line":135,"column":197},"end":{"line":139,"column":127}},"line":135},"9":{"name":"(anonymous_9)","decl":{"start":{"line":136,"column":20},"end":{"line":136,"column":21}},"loc":{"start":{"line":136,"column":32},"end":{"line":139,"column":31}},"line":136},"10":{"name":"(anonymous_10)","decl":{"start":{"line":138,"column":41},"end":{"line":138,"column":42}},"loc":{"start":{"line":138,"column":57},"end":{"line":138,"column":125}},"line":138},"11":{"name":"(anonymous_11)","decl":{"start":{"line":138,"column":89},"end":{"line":138,"column":90}},"loc":{"start":{"line":138,"column":95},"end":{"line":138,"column":122}},"line":138},"12":{"name":"(anonymous_12)","decl":{"start":{"line":139,"column":39},"end":{"line":139,"column":40}},"loc":{"start":{"line":139,"column":45},"end":{"line":139,"column":124}},"line":139},"13":{"name":"unregister","decl":{"start":{"line":139,"column":136},"end":{"line":139,"column":146}},"loc":{"start":{"line":139,"column":149},"end":{"line":139,"column":268}},"line":139},"14":{"name":"(anonymous_14)","decl":{"start":{"line":139,"column":220},"end":{"line":139,"column":221}},"loc":{"start":{"line":139,"column":236},"end":{"line":139,"column":264}},"line":139}},"branchMap":{"0":{"loc":{"start":{"line":118,"column":28},"end":{"line":120,"column":88}},"type":"binary-expr","locations":[{"start":{"line":118,"column":28},"end":{"line":118,"column":68}},{"start":{"line":119,"column":0},"end":{"line":119,"column":36}},{"start":{"line":120,"column":0},"end":{"line":120,"column":88}}],"line":118},"1":{"loc":{"start":{"line":120,"column":111},"end":{"line":128,"column":36}},"type":"if","locations":[{"start":{"line":120,"column":111},"end":{"line":128,"column":36}},{"start":{"line":120,"column":111},"end":{"line":128,"column":36}}],"line":120},"2":{"loc":{"start":{"line":120,"column":115},"end":{"line":120,"column":184}},"type":"binary-expr","locations":[{"start":{"line":120,"column":115},"end":{"line":120,"column":152}},{"start":{"line":120,"column":156},"end":{"line":120,"column":184}}],"line":120},"3":{"loc":{"start":{"line":121,"column":71},"end":{"line":124,"column":14}},"type":"if","locations":[{"start":{"line":121,"column":71},"end":{"line":124,"column":14}},{"start":{"line":121,"column":71},"end":{"line":124,"column":14}}],"line":121},"4":{"loc":{"start":{"line":124,"column":113},"end":{"line":128,"column":32}},"type":"if","locations":[{"start":{"line":124,"column":113},"end":{"line":128,"column":32}},{"start":{"line":124,"column":113},"end":{"line":128,"column":32}}],"line":124},"5":{"loc":{"start":{"line":128,"column":257},"end":{"line":135,"column":64}},"type":"if","locations":[{"start":{"line":128,"column":257},"end":{"line":135,"column":64}},{"start":{"line":128,"column":257},"end":{"line":135,"column":64}}],"line":128},"6":{"loc":{"start":{"line":128,"column":302},"end":{"line":135,"column":63}},"type":"if","locations":[{"start":{"line":128,"column":302},"end":{"line":135,"column":63}},{"start":{"line":128,"column":302},"end":{"line":135,"column":63}}],"line":128},"7":{"loc":{"start":{"line":137,"column":4},"end":{"line":139,"column":30}},"type":"if","locations":[{"start":{"line":137,"column":4},"end":{"line":139,"column":30}},{"start":{"line":137,"column":4},"end":{"line":139,"column":30}}],"line":137},"8":{"loc":{"start":{"line":137,"column":8},"end":{"line":137,"column":100}},"type":"binary-expr","locations":[{"start":{"line":137,"column":8},"end":{"line":137,"column":31}},{"start":{"line":137,"column":35},"end":{"line":137,"column":100}}],"line":137},"9":{"loc":{"start":{"line":139,"column":150},"end":{"line":139,"column":267}},"type":"if","locations":[{"start":{"line":139,"column":150},"end":{"line":139,"column":267}},{"start":{"line":139,"column":150},"end":{"line":139,"column":267}}],"line":139}},"s":{"0":0,"1":0,"2":0,"3":0,"4":0,"5":0,"6":0,"7":0,"8":0,"9":0,"10":0,"11":0,"12":0,"13":0,"14":0,"15":0,"16":0,"17":0,"18":0,"19":0,"20":0,"21":0,"22":0,"23":0,"24":0,"25":0,"26":0,"27":0,"28":0,"29":0,"30":0,"31":0,"32":0,"33":0},"f":{"0":0,"1":0,"2":0,"3":0,"4":0,"5":0,"6":0,"7":0,"8":0,"9":0,"10":0,"11":0,"12":0,"13":0,"14":0},"b":{"0":[0,0,0],"1":[0,0],"2":[0,0],"3":[0,0],"4":[0,0],"5":[0,0],"6":[0,0],"7":[0,0],"8":[0,0],"9":[0,0]}}
,"/home/bober/apps/cookbook-app/lib/client/src/actions/authorisationError.js": {"path":"/home/bober/apps/cookbook-app/lib/client/src/actions/authorisationError.js","statementMap":{"0":{"start":{"line":1,"column":35},"end":{"line":1,"column":56}},"1":{"start":{"line":3,"column":34},"end":{"line":5,"column":2}},"2":{"start":{"line":3,"column":41},"end":{"line":5,"column":1}}},"fnMap":{"0":{"name":"(anonymous_0)","decl":{"start":{"line":3,"column":34},"end":{"line":3,"column":35}},"loc":{"start":{"line":3,"column":41},"end":{"line":5,"column":1}},"line":3}},"branchMap":{},"s":{"0":2,"1":2,"2":0},"f":{"0":0},"b":{},"_coverageSchema":"332fd63041d2c1bcb487cc26dd0d5f7d97098a6c","hash":"23f36b9170d1a5ebd84e01699ce1f94e963aa9b5"}
,"/home/bober/apps/cookbook-app/lib/client/src/actions/checkUserPassword.js": {"path":"/home/bober/apps/cookbook-app/lib/client/src/actions/checkUserPassword.js","statementMap":{"0":{"start":{"line":6,"column":26},"end":{"line":27,"column":1}},"1":{"start":{"line":6,"column":37},"end":{"line":27,"column":1}},"2":{"start":{"line":7,"column":2},"end":{"line":26,"column":5}},"3":{"start":{"line":10,"column":8},"end":{"line":14,"column":9}},"4":{"start":{"line":11,"column":10},"end":{"line":11,"column":44}},"5":{"start":{"line":13,"column":10},"end":{"line":13,"column":38}},"6":{"start":{"line":17,"column":8},"end":{"line":24,"column":9}},"7":{"start":{"line":19,"column":12},"end":{"line":19,"column":43}},"8":{"start":{"line":20,"column":12},"end":{"line":20,"column":18}},"9":{"start":{"line":23,"column":12},"end":{"line":23,"column":29}}},"fnMap":{"0":{"name":"(anonymous_0)","decl":{"start":{"line":6,"column":26},"end":{"line":6,"column":27}},"loc":{"start":{"line":6,"column":37},"end":{"line":27,"column":1}},"line":6},"1":{"name":"(anonymous_1)","decl":{"start":{"line":6,"column":37},"end":{"line":6,"column":38}},"loc":{"start":{"line":7,"column":2},"end":{"line":26,"column":5}},"line":7},"2":{"name":"(anonymous_2)","decl":{"start":{"line":9,"column":6},"end":{"line":9,"column":7}},"loc":{"start":{"line":9,"column":20},"end":{"line":15,"column":7}},"line":9},"3":{"name":"(anonymous_3)","decl":{"start":{"line":16,"column":6},"end":{"line":16,"column":7}},"loc":{"start":{"line":16,"column":15},"end":{"line":25,"column":7}},"line":16}},"branchMap":{"0":{"loc":{"start":{"line":10,"column":8},"end":{"line":14,"column":9}},"type":"if","locations":[{"start":{"line":10,"column":8},"end":{"line":14,"column":9}},{"start":{"line":10,"column":8},"end":{"line":14,"column":9}}],"line":10},"1":{"loc":{"start":{"line":17,"column":8},"end":{"line":24,"column":9}},"type":"switch","locations":[{"start":{"line":18,"column":10},"end":{"line":20,"column":18}},{"start":{"line":22,"column":10},"end":{"line":23,"column":29}}],"line":17}},"s":{"0":1,"1":0,"2":0,"3":0,"4":0,"5":0,"6":0,"7":0,"8":0,"9":0},"f":{"0":0,"1":0,"2":0,"3":0},"b":{"0":[0,0],"1":[0,0]},"_coverageSchema":"332fd63041d2c1bcb487cc26dd0d5f7d97098a6c","hash":"3bbf69b9ae8fbba1d48c5ae728d0f1a203981360"}
,"/home/bober/apps/cookbook-app/lib/client/src/actions/fetchComments.js": {"path":"/home/bober/apps/cookbook-app/lib/client/src/actions/fetchComments.js","statementMap":{"0":{"start":{"line":6,"column":22},"end":{"line":17,"column":1}},"1":{"start":{"line":6,"column":33},"end":{"line":17,"column":1}},"2":{"start":{"line":7,"column":2},"end":{"line":7,"column":37}},"3":{"start":{"line":8,"column":2},"end":{"line":16,"column":6}},"4":{"start":{"line":14,"column":18},"end":{"line":14,"column":67}},"5":{"start":{"line":15,"column":13},"end":{"line":15,"column":49}}},"fnMap":{"0":{"name":"(anonymous_0)","decl":{"start":{"line":6,"column":22},"end":{"line":6,"column":23}},"loc":{"start":{"line":6,"column":33},"end":{"line":17,"column":1}},"line":6},"1":{"name":"(anonymous_1)","decl":{"start":{"line":6,"column":33},"end":{"line":6,"column":34}},"loc":{"start":{"line":6,"column":47},"end":{"line":17,"column":1}},"line":6},"2":{"name":"(anonymous_2)","decl":{"start":{"line":14,"column":6},"end":{"line":14,"column":7}},"loc":{"start":{"line":14,"column":18},"end":{"line":14,"column":67}},"line":14},"3":{"name":"(anonymous_3)","decl":{"start":{"line":15,"column":6},"end":{"line":15,"column":7}},"loc":{"start":{"line":15,"column":13},"end":{"line":15,"column":49}},"line":15}},"branchMap":{},"s":{"0":1,"1":0,"2":0,"3":0,"4":0,"5":0},"f":{"0":0,"1":0,"2":0,"3":0},"b":{},"_coverageSchema":"332fd63041d2c1bcb487cc26dd0d5f7d97098a6c","hash":"d0fbf245268bc8f44daefd7f12103181f6f297ba"}
,"/home/bober/apps/cookbook-app/lib/client/src/actions/fetchItems.js": {"path":"/home/bober/apps/cookbook-app/lib/client/src/actions/fetchItems.js","statementMap":{"0":{"start":{"line":6,"column":19},"end":{"line":17,"column":1}},"1":{"start":{"line":6,"column":30},"end":{"line":17,"column":1}},"2":{"start":{"line":7,"column":2},"end":{"line":7,"column":34}},"3":{"start":{"line":8,"column":2},"end":{"line":16,"column":6}},"4":{"start":{"line":14,"column":18},"end":{"line":14,"column":64}},"5":{"start":{"line":15,"column":13},"end":{"line":15,"column":49}}},"fnMap":{"0":{"name":"(anonymous_0)","decl":{"start":{"line":6,"column":19},"end":{"line":6,"column":20}},"loc":{"start":{"line":6,"column":30},"end":{"line":17,"column":1}},"line":6},"1":{"name":"(anonymous_1)","decl":{"start":{"line":6,"column":30},"end":{"line":6,"column":31}},"loc":{"start":{"line":6,"column":44},"end":{"line":17,"column":1}},"line":6},"2":{"name":"(anonymous_2)","decl":{"start":{"line":14,"column":6},"end":{"line":14,"column":7}},"loc":{"start":{"line":14,"column":18},"end":{"line":14,"column":64}},"line":14},"3":{"name":"(anonymous_3)","decl":{"start":{"line":15,"column":6},"end":{"line":15,"column":7}},"loc":{"start":{"line":15,"column":13},"end":{"line":15,"column":49}},"line":15}},"branchMap":{},"s":{"0":3,"1":0,"2":0,"3":0,"4":0,"5":0},"f":{"0":0,"1":0,"2":0,"3":0},"b":{},"_coverageSchema":"332fd63041d2c1bcb487cc26dd0d5f7d97098a6c","hash":"21c84b9c795f6aa24df9a3e133446f9f6b2b336d"}
,"/home/bober/apps/cookbook-app/lib/client/src/actions/fetchItemsIfNeeded.js": {"path":"/home/bober/apps/cookbook-app/lib/client/src/actions/fetchItemsIfNeeded.js","statementMap":{"0":{"start":{"line":3,"column":27},"end":{"line":9,"column":1}},"1":{"start":{"line":3,"column":38},"end":{"line":9,"column":1}},"2":{"start":{"line":4,"column":2},"end":{"line":6,"column":3}},"3":{"start":{"line":5,"column":4},"end":{"line":5,"column":41}},"4":{"start":{"line":8,"column":2},"end":{"line":8,"column":27}},"5":{"start":{"line":16,"column":16},"end":{"line":16,"column":46}},"6":{"start":{"line":18,"column":2},"end":{"line":20,"column":3}},"7":{"start":{"line":19,"column":4},"end":{"line":19,"column":16}},"8":{"start":{"line":22,"column":2},"end":{"line":24,"column":3}},"9":{"start":{"line":23,"column":4},"end":{"line":23,"column":17}},"10":{"start":{"line":26,"column":2},"end":{"line":26,"column":29}}},"fnMap":{"0":{"name":"(anonymous_0)","decl":{"start":{"line":3,"column":27},"end":{"line":3,"column":28}},"loc":{"start":{"line":3,"column":38},"end":{"line":9,"column":1}},"line":3},"1":{"name":"(anonymous_1)","decl":{"start":{"line":3,"column":38},"end":{"line":3,"column":39}},"loc":{"start":{"line":3,"column":62},"end":{"line":9,"column":1}},"line":3},"2":{"name":"shouldFetchItems","decl":{"start":{"line":15,"column":9},"end":{"line":15,"column":25}},"loc":{"start":{"line":15,"column":42},"end":{"line":27,"column":1}},"line":15}},"branchMap":{"0":{"loc":{"start":{"line":4,"column":2},"end":{"line":6,"column":3}},"type":"if","locations":[{"start":{"line":4,"column":2},"end":{"line":6,"column":3}},{"start":{"line":4,"column":2},"end":{"line":6,"column":3}}],"line":4},"1":{"loc":{"start":{"line":18,"column":2},"end":{"line":20,"column":3}},"type":"if","locations":[{"start":{"line":18,"column":2},"end":{"line":20,"column":3}},{"start":{"line":18,"column":2},"end":{"line":20,"column":3}}],"line":18},"2":{"loc":{"start":{"line":22,"column":2},"end":{"line":24,"column":3}},"type":"if","locations":[{"start":{"line":22,"column":2},"end":{"line":24,"column":3}},{"start":{"line":22,"column":2},"end":{"line":24,"column":3}}],"line":22}},"s":{"0":3,"1":0,"2":0,"3":0,"4":0,"5":0,"6":0,"7":0,"8":0,"9":0,"10":0},"f":{"0":0,"1":0,"2":0},"b":{"0":[0,0],"1":[0,0],"2":[0,0]},"_coverageSchema":"332fd63041d2c1bcb487cc26dd0d5f7d97098a6c","hash":"af3cde03ad9cca6544f72bfe28a7cc8ee9df2d49"}
,"/home/bober/apps/cookbook-app/lib/client/src/actions/pushUserData.js": {"path":"/home/bober/apps/cookbook-app/lib/client/src/actions/pushUserData.js","statementMap":{"0":{"start":{"line":7,"column":21},"end":{"line":38,"column":1}},"1":{"start":{"line":7,"column":32},"end":{"line":38,"column":1}},"2":{"start":{"line":12,"column":6},"end":{"line":12,"column":20}},"3":{"start":{"line":14,"column":2},"end":{"line":14,"column":31}},"4":{"start":{"line":16,"column":2},"end":{"line":37,"column":6}},"5":{"start":{"line":23,"column":8},"end":{"line":28,"column":9}},"6":{"start":{"line":24,"column":10},"end":{"line":24,"column":45}},"7":{"start":{"line":27,"column":10},"end":{"line":27,"column":38}},"8":{"start":{"line":31,"column":8},"end":{"line":35,"column":9}},"9":{"start":{"line":32,"column":10},"end":{"line":32,"column":34}},"10":{"start":{"line":34,"column":10},"end":{"line":34,"column":27}}},"fnMap":{"0":{"name":"(anonymous_0)","decl":{"start":{"line":7,"column":21},"end":{"line":7,"column":22}},"loc":{"start":{"line":7,"column":32},"end":{"line":38,"column":1}},"line":7},"1":{"name":"(anonymous_1)","decl":{"start":{"line":7,"column":32},"end":{"line":7,"column":33}},"loc":{"start":{"line":7,"column":46},"end":{"line":38,"column":1}},"line":7},"2":{"name":"(anonymous_2)","decl":{"start":{"line":22,"column":6},"end":{"line":22,"column":7}},"loc":{"start":{"line":22,"column":20},"end":{"line":29,"column":7}},"line":22},"3":{"name":"(anonymous_3)","decl":{"start":{"line":30,"column":6},"end":{"line":30,"column":7}},"loc":{"start":{"line":30,"column":15},"end":{"line":36,"column":7}},"line":30}},"branchMap":{"0":{"loc":{"start":{"line":23,"column":8},"end":{"line":28,"column":9}},"type":"if","locations":[{"start":{"line":23,"column":8},"end":{"line":28,"column":9}},{"start":{"line":23,"column":8},"end":{"line":28,"column":9}}],"line":23},"1":{"loc":{"start":{"line":31,"column":8},"end":{"line":35,"column":9}},"type":"if","locations":[{"start":{"line":31,"column":8},"end":{"line":35,"column":9}},{"start":{"line":31,"column":8},"end":{"line":35,"column":9}}],"line":31}},"s":{"0":1,"1":0,"2":0,"3":0,"4":0,"5":0,"6":0,"7":0,"8":0,"9":0,"10":0},"f":{"0":0,"1":0,"2":0,"3":0},"b":{"0":[0,0],"1":[0,0]},"_coverageSchema":"332fd63041d2c1bcb487cc26dd0d5f7d97098a6c","hash":"6bca2de7e208b284968df1c20ca3dab8e66aa526"}
,"/home/bober/apps/cookbook-app/lib/client/src/actions/pushUserImage.js": {"path":"/home/bober/apps/cookbook-app/lib/client/src/actions/pushUserImage.js","statementMap":{"0":{"start":{"line":3,"column":22},"end":{"line":13,"column":1}},"1":{"start":{"line":3,"column":33},"end":{"line":13,"column":1}},"2":{"start":{"line":4,"column":15},"end":{"line":4,"column":29}},"3":{"start":{"line":6,"column":2},"end":{"line":6,"column":30}},"4":{"start":{"line":7,"column":2},"end":{"line":7,"column":23}},"5":{"start":{"line":9,"column":2},"end":{"line":12,"column":6}},"6":{"start":{"line":11,"column":13},"end":{"line":11,"column":31}}},"fnMap":{"0":{"name":"(anonymous_0)","decl":{"start":{"line":3,"column":22},"end":{"line":3,"column":23}},"loc":{"start":{"line":3,"column":33},"end":{"line":13,"column":1}},"line":3},"1":{"name":"(anonymous_1)","decl":{"start":{"line":3,"column":33},"end":{"line":3,"column":34}},"loc":{"start":{"line":3,"column":39},"end":{"line":13,"column":1}},"line":3},"2":{"name":"(anonymous_2)","decl":{"start":{"line":11,"column":6},"end":{"line":11,"column":7}},"loc":{"start":{"line":11,"column":13},"end":{"line":11,"column":31}},"line":11}},"branchMap":{},"s":{"0":1,"1":0,"2":0,"3":0,"4":0,"5":0,"6":0},"f":{"0":0,"1":0,"2":0},"b":{},"_coverageSchema":"332fd63041d2c1bcb487cc26dd0d5f7d97098a6c","hash":"610a14fc7a84b64c30112c87933012ff91da5873"}
,"/home/bober/apps/cookbook-app/lib/client/src/actions/receiveComments.js": {"path":"/home/bober/apps/cookbook-app/lib/client/src/actions/receiveComments.js","statementMap":{"0":{"start":{"line":1,"column":32},"end":{"line":1,"column":50}},"1":{"start":{"line":3,"column":31},"end":{"line":8,"column":2}},"2":{"start":{"line":3,"column":51},"end":{"line":8,"column":1}}},"fnMap":{"0":{"name":"(anonymous_0)","decl":{"start":{"line":3,"column":31},"end":{"line":3,"column":32}},"loc":{"start":{"line":3,"column":51},"end":{"line":8,"column":1}},"line":3}},"branchMap":{},"s":{"0":2,"1":2,"2":0},"f":{"0":0},"b":{},"_coverageSchema":"332fd63041d2c1bcb487cc26dd0d5f7d97098a6c","hash":"484d3d07c8ba52e51aa754060b8d5d256daa6ed9"}
,"/home/bober/apps/cookbook-app/lib/client/src/actions/receiveItems.js": {"path":"/home/bober/apps/cookbook-app/lib/client/src/actions/receiveItems.js","statementMap":{"0":{"start":{"line":1,"column":29},"end":{"line":1,"column":44}},"1":{"start":{"line":3,"column":28},"end":{"line":8,"column":2}},"2":{"start":{"line":3,"column":48},"end":{"line":8,"column":1}}},"fnMap":{"0":{"name":"(anonymous_0)","decl":{"start":{"line":3,"column":28},"end":{"line":3,"column":29}},"loc":{"start":{"line":3,"column":48},"end":{"line":8,"column":1}},"line":3}},"branchMap":{},"s":{"0":5,"1":5,"2":0},"f":{"0":0},"b":{},"_coverageSchema":"332fd63041d2c1bcb487cc26dd0d5f7d97098a6c","hash":"4c53e87f22c9cd491b331d0dd2e20fe78f774410"}
,"/home/bober/apps/cookbook-app/lib/client/src/actions/requestComments.js": {"path":"/home/bober/apps/cookbook-app/lib/client/src/actions/requestComments.js","statementMap":{"0":{"start":{"line":1,"column":32},"end":{"line":1,"column":50}},"1":{"start":{"line":3,"column":31},"end":{"line":6,"column":2}},"2":{"start":{"line":3,"column":43},"end":{"line":6,"column":1}}},"fnMap":{"0":{"name":"(anonymous_0)","decl":{"start":{"line":3,"column":31},"end":{"line":3,"column":32}},"loc":{"start":{"line":3,"column":43},"end":{"line":6,"column":1}},"line":3}},"branchMap":{},"s":{"0":2,"1":2,"2":0},"f":{"0":0},"b":{},"_coverageSchema":"332fd63041d2c1bcb487cc26dd0d5f7d97098a6c","hash":"3729223063485b8464a823dbf97c291a6edb8453"}
,"/home/bober/apps/cookbook-app/lib/client/src/actions/requestItems.js": {"path":"/home/bober/apps/cookbook-app/lib/client/src/actions/requestItems.js","statementMap":{"0":{"start":{"line":1,"column":29},"end":{"line":1,"column":44}},"1":{"start":{"line":3,"column":28},"end":{"line":6,"column":2}},"2":{"start":{"line":3,"column":40},"end":{"line":6,"column":1}}},"fnMap":{"0":{"name":"(anonymous_0)","decl":{"start":{"line":3,"column":28},"end":{"line":3,"column":29}},"loc":{"start":{"line":3,"column":40},"end":{"line":6,"column":1}},"line":3}},"branchMap":{},"s":{"0":5,"1":5,"2":0},"f":{"0":0},"b":{},"_coverageSchema":"332fd63041d2c1bcb487cc26dd0d5f7d97098a6c","hash":"ac1a1611e30147e5854cec4b05aa44d71a82c908"}
,"/home/bober/apps/cookbook-app/lib/client/src/actions/searchItems.js": {"path":"/home/bober/apps/cookbook-app/lib/client/src/actions/searchItems.js","statementMap":{"0":{"start":{"line":6,"column":20},"end":{"line":17,"column":1}},"1":{"start":{"line":6,"column":31},"end":{"line":17,"column":1}},"2":{"start":{"line":7,"column":2},"end":{"line":7,"column":35}},"3":{"start":{"line":8,"column":2},"end":{"line":16,"column":6}},"4":{"start":{"line":14,"column":18},"end":{"line":14,"column":65}},"5":{"start":{"line":15,"column":13},"end":{"line":15,"column":49}}},"fnMap":{"0":{"name":"(anonymous_0)","decl":{"start":{"line":6,"column":20},"end":{"line":6,"column":21}},"loc":{"start":{"line":6,"column":31},"end":{"line":17,"column":1}},"line":6},"1":{"name":"(anonymous_1)","decl":{"start":{"line":6,"column":31},"end":{"line":6,"column":32}},"loc":{"start":{"line":6,"column":45},"end":{"line":17,"column":1}},"line":6},"2":{"name":"(anonymous_2)","decl":{"start":{"line":14,"column":6},"end":{"line":14,"column":7}},"loc":{"start":{"line":14,"column":18},"end":{"line":14,"column":65}},"line":14},"3":{"name":"(anonymous_3)","decl":{"start":{"line":15,"column":6},"end":{"line":15,"column":7}},"loc":{"start":{"line":15,"column":13},"end":{"line":15,"column":49}},"line":15}},"branchMap":{},"s":{"0":2,"1":0,"2":0,"3":0,"4":0,"5":0},"f":{"0":0,"1":0,"2":0,"3":0},"b":{},"_coverageSchema":"332fd63041d2c1bcb487cc26dd0d5f7d97098a6c","hash":"5131596695cf546a971258de7008a0cee0f0b4a8"}
,"/home/bober/apps/cookbook-app/lib/client/src/actions/selectCategory.js": {"path":"/home/bober/apps/cookbook-app/lib/client/src/actions/selectCategory.js","statementMap":{"0":{"start":{"line":1,"column":31},"end":{"line":1,"column":48}},"1":{"start":{"line":3,"column":30},"end":{"line":6,"column":2}},"2":{"start":{"line":3,"column":42},"end":{"line":6,"column":1}}},"fnMap":{"0":{"name":"(anonymous_0)","decl":{"start":{"line":3,"column":30},"end":{"line":3,"column":31}},"loc":{"start":{"line":3,"column":42},"end":{"line":6,"column":1}},"line":3}},"branchMap":{},"s":{"0":6,"1":6,"2":0},"f":{"0":0},"b":{},"_coverageSchema":"332fd63041d2c1bcb487cc26dd0d5f7d97098a6c","hash":"ef3e54a8496c1760e95f6cfa5c872d7c8852b5a7"}
,"/home/bober/apps/cookbook-app/lib/client/src/actions/signInError.js": {"path":"/home/bober/apps/cookbook-app/lib/client/src/actions/signInError.js","statementMap":{"0":{"start":{"line":1,"column":29},"end":{"line":1,"column":44}},"1":{"start":{"line":3,"column":27},"end":{"line":5,"column":2}},"2":{"start":{"line":3,"column":34},"end":{"line":5,"column":1}}},"fnMap":{"0":{"name":"(anonymous_0)","decl":{"start":{"line":3,"column":27},"end":{"line":3,"column":28}},"loc":{"start":{"line":3,"column":34},"end":{"line":5,"column":1}},"line":3}},"branchMap":{},"s":{"0":2,"1":2,"2":0},"f":{"0":0},"b":{},"_coverageSchema":"332fd63041d2c1bcb487cc26dd0d5f7d97098a6c","hash":"c3b7e66828aee48f2b7514f41fdf64670c234a46"}
,"/home/bober/apps/cookbook-app/lib/client/src/actions/userLogin.js": {"path":"/home/bober/apps/cookbook-app/lib/client/src/actions/userLogin.js","statementMap":{"0":{"start":{"line":1,"column":26},"end":{"line":1,"column":38}},"1":{"start":{"line":3,"column":25},"end":{"line":6,"column":2}},"2":{"start":{"line":3,"column":37},"end":{"line":6,"column":1}}},"fnMap":{"0":{"name":"(anonymous_0)","decl":{"start":{"line":3,"column":25},"end":{"line":3,"column":26}},"loc":{"start":{"line":3,"column":37},"end":{"line":6,"column":1}},"line":3}},"branchMap":{},"s":{"0":2,"1":2,"2":0},"f":{"0":0},"b":{},"_coverageSchema":"332fd63041d2c1bcb487cc26dd0d5f7d97098a6c","hash":"e2348021fb54bcbd433656338646c9b14fab0a7b"}
,"/home/bober/apps/cookbook-app/lib/client/src/actions/userLogout.js": {"path":"/home/bober/apps/cookbook-app/lib/client/src/actions/userLogout.js","statementMap":{"0":{"start":{"line":1,"column":27},"end":{"line":1,"column":40}},"1":{"start":{"line":3,"column":26},"end":{"line":5,"column":2}},"2":{"start":{"line":3,"column":33},"end":{"line":5,"column":1}}},"fnMap":{"0":{"name":"(anonymous_0)","decl":{"start":{"line":3,"column":26},"end":{"line":3,"column":27}},"loc":{"start":{"line":3,"column":33},"end":{"line":5,"column":1}},"line":3}},"branchMap":{},"s":{"0":2,"1":2,"2":0},"f":{"0":0},"b":{},"_coverageSchema":"332fd63041d2c1bcb487cc26dd0d5f7d97098a6c","hash":"b423967791c5971d82527b0b72a902a62e2fbdc2"}
,"/home/bober/apps/cookbook-app/lib/client/src/actions/userSignIn.js": {"path":"/home/bober/apps/cookbook-app/lib/client/src/actions/userSignIn.js","statementMap":{"0":{"start":{"line":1,"column":28},"end":{"line":1,"column":42}},"1":{"start":{"line":3,"column":26},"end":{"line":6,"column":2}},"2":{"start":{"line":3,"column":38},"end":{"line":6,"column":1}}},"fnMap":{"0":{"name":"(anonymous_0)","decl":{"start":{"line":3,"column":26},"end":{"line":3,"column":27}},"loc":{"start":{"line":3,"column":38},"end":{"line":6,"column":1}},"line":3}},"branchMap":{},"s":{"0":1,"1":1,"2":0},"f":{"0":0},"b":{},"_coverageSchema":"332fd63041d2c1bcb487cc26dd0d5f7d97098a6c","hash":"3936b2ddf6684d98233da5f28ca1afdf9e1154fa"}
,"/home/bober/apps/cookbook-app/lib/client/src/components/Banner/Banner.jsx": {"path":"/home/bober/apps/cookbook-app/lib/client/src/components/Banner/Banner.jsx","statementMap":{"0":{"start":{"line":8,"column":4},"end":{"line":8,"column":17}},"1":{"start":{"line":9,"column":4},"end":{"line":9,"column":53}},"2":{"start":{"line":10,"column":4},"end":{"line":12,"column":6}},"3":{"start":{"line":13,"column":4},"end":{"line":13,"column":65}},"4":{"start":{"line":14,"column":4},"end":{"line":14,"column":54}},"5":{"start":{"line":18,"column":4},"end":{"line":18,"column":30}},"6":{"start":{"line":22,"column":4},"end":{"line":32,"column":7}},"7":{"start":{"line":25,"column":6},"end":{"line":29,"column":7}},"8":{"start":{"line":26,"column":8},"end":{"line":26,"column":23}},"9":{"start":{"line":28,"column":8},"end":{"line":28,"column":57}},"10":{"start":{"line":31,"column":6},"end":{"line":31,"column":44}},"11":{"start":{"line":36,"column":4},"end":{"line":36,"column":30}},"12":{"start":{"line":37,"column":4},"end":{"line":37,"column":42}},"13":{"start":{"line":41,"column":31},"end":{"line":41,"column":41}},"14":{"start":{"line":42,"column":22},"end":{"line":42,"column":32}},"15":{"start":{"line":44,"column":4},"end":{"line":44,"column":35}},"16":{"start":{"line":44,"column":23},"end":{"line":44,"column":35}},"17":{"start":{"line":46,"column":23},"end":{"line":63,"column":6}},"18":{"start":{"line":49,"column":6},"end":{"line":53,"column":7}},"19":{"start":{"line":50,"column":8},"end":{"line":50,"column":67}},"20":{"start":{"line":52,"column":8},"end":{"line":52,"column":41}},"21":{"start":{"line":55,"column":6},"end":{"line":62,"column":8}},"22":{"start":{"line":59,"column":25},"end":{"line":59,"column":54}},"23":{"start":{"line":66,"column":4},"end":{"line":92,"column":6}},"24":{"start":{"line":98,"column":0},"end":{"line":108,"column":2}}},"fnMap":{"0":{"name":"(anonymous_0)","decl":{"start":{"line":7,"column":2},"end":{"line":7,"column":3}},"loc":{"start":{"line":7,"column":21},"end":{"line":15,"column":3}},"line":7},"1":{"name":"(anonymous_1)","decl":{"start":{"line":17,"column":2},"end":{"line":17,"column":3}},"loc":{"start":{"line":17,"column":25},"end":{"line":19,"column":3}},"line":17},"2":{"name":"(anonymous_2)","decl":{"start":{"line":21,"column":2},"end":{"line":21,"column":3}},"loc":{"start":{"line":21,"column":17},"end":{"line":33,"column":3}},"line":21},"3":{"name":"(anonymous_3)","decl":{"start":{"line":22,"column":18},"end":{"line":22,"column":19}},"loc":{"start":{"line":22,"column":33},"end":{"line":32,"column":5}},"line":22},"4":{"name":"(anonymous_4)","decl":{"start":{"line":35,"column":2},"end":{"line":35,"column":3}},"loc":{"start":{"line":35,"column":25},"end":{"line":38,"column":3}},"line":35},"5":{"name":"(anonymous_5)","decl":{"start":{"line":40,"column":2},"end":{"line":40,"column":3}},"loc":{"start":{"line":40,"column":11},"end":{"line":93,"column":3}},"line":40},"6":{"name":"(anonymous_6)","decl":{"start":{"line":46,"column":43},"end":{"line":46,"column":44}},"loc":{"start":{"line":46,"column":53},"end":{"line":63,"column":5}},"line":46},"7":{"name":"(anonymous_7)","decl":{"start":{"line":59,"column":19},"end":{"line":59,"column":20}},"loc":{"start":{"line":59,"column":25},"end":{"line":59,"column":54}},"line":59}},"branchMap":{"0":{"loc":{"start":{"line":25,"column":6},"end":{"line":29,"column":7}},"type":"if","locations":[{"start":{"line":25,"column":6},"end":{"line":29,"column":7}},{"start":{"line":25,"column":6},"end":{"line":29,"column":7}}],"line":25},"1":{"loc":{"start":{"line":44,"column":4},"end":{"line":44,"column":35}},"type":"if","locations":[{"start":{"line":44,"column":4},"end":{"line":44,"column":35}},{"start":{"line":44,"column":4},"end":{"line":44,"column":35}}],"line":44},"2":{"loc":{"start":{"line":49,"column":6},"end":{"line":53,"column":7}},"type":"if","locations":[{"start":{"line":49,"column":6},"end":{"line":53,"column":7}},{"start":{"line":49,"column":6},"end":{"line":53,"column":7}}],"line":49}},"s":{"0":3,"1":3,"2":3,"3":3,"4":3,"5":0,"6":0,"7":0,"8":0,"9":0,"10":0,"11":1,"12":1,"13":4,"14":4,"15":4,"16":1,"17":3,"18":15,"19":3,"20":12,"21":15,"22":1,"23":3,"24":2},"f":{"0":3,"1":0,"2":0,"3":0,"4":1,"5":4,"6":15,"7":1},"b":{"0":[0,0],"1":[1,3],"2":[3,12]},"_coverageSchema":"332fd63041d2c1bcb487cc26dd0d5f7d97098a6c","hash":"ba578a056ab9c927f8a8bc9525e0ea0d247423ef"}
,"/home/bober/apps/cookbook-app/lib/client/src/components/Comment/Comment.jsx": {"path":"/home/bober/apps/cookbook-app/lib/client/src/components/Comment/Comment.jsx","statementMap":{"0":{"start":{"line":6,"column":2},"end":{"line":29,"column":4}},"1":{"start":{"line":34,"column":0},"end":{"line":40,"column":2}}},"fnMap":{"0":{"name":"Comment","decl":{"start":{"line":5,"column":9},"end":{"line":5,"column":16}},"loc":{"start":{"line":5,"column":58},"end":{"line":30,"column":1}},"line":5}},"branchMap":{},"s":{"0":1,"1":3},"f":{"0":1},"b":{},"_coverageSchema":"332fd63041d2c1bcb487cc26dd0d5f7d97098a6c","hash":"9025b0e3e34b58aaeaf4a6a80c7ffa6b7177edba"}
,"/home/bober/apps/cookbook-app/lib/client/src/components/CommentInput/CommentInput.jsx": {"path":"/home/bober/apps/cookbook-app/lib/client/src/components/CommentInput/CommentInput.jsx","statementMap":{"0":{"start":{"line":8,"column":4},"end":{"line":8,"column":12}},"1":{"start":{"line":9,"column":4},"end":{"line":11,"column":6}},"2":{"start":{"line":12,"column":4},"end":{"line":12,"column":53}},"3":{"start":{"line":13,"column":4},"end":{"line":13,"column":51}},"4":{"start":{"line":17,"column":4},"end":{"line":19,"column":7}},"5":{"start":{"line":23,"column":22},"end":{"line":23,"column":39}},"6":{"start":{"line":24,"column":44},"end":{"line":24,"column":61}},"7":{"start":{"line":26,"column":4},"end":{"line":26,"column":23}},"8":{"start":{"line":26,"column":16},"end":{"line":26,"column":23}},"9":{"start":{"line":29,"column":4},"end":{"line":34,"column":35}},"10":{"start":{"line":34,"column":18},"end":{"line":34,"column":33}},"11":{"start":{"line":36,"column":4},"end":{"line":36,"column":33}},"12":{"start":{"line":40,"column":22},"end":{"line":40,"column":39}},"13":{"start":{"line":42,"column":4},"end":{"line":62,"column":6}},"14":{"start":{"line":68,"column":0},"end":{"line":72,"column":1}}},"fnMap":{"0":{"name":"(anonymous_0)","decl":{"start":{"line":7,"column":2},"end":{"line":7,"column":3}},"loc":{"start":{"line":7,"column":16},"end":{"line":14,"column":3}},"line":7},"1":{"name":"(anonymous_1)","decl":{"start":{"line":16,"column":2},"end":{"line":16,"column":3}},"loc":{"start":{"line":16,"column":18},"end":{"line":20,"column":3}},"line":16},"2":{"name":"(anonymous_2)","decl":{"start":{"line":22,"column":2},"end":{"line":22,"column":3}},"loc":{"start":{"line":22,"column":16},"end":{"line":37,"column":3}},"line":22},"3":{"name":"(anonymous_3)","decl":{"start":{"line":34,"column":12},"end":{"line":34,"column":13}},"loc":{"start":{"line":34,"column":18},"end":{"line":34,"column":33}},"line":34},"4":{"name":"(anonymous_4)","decl":{"start":{"line":39,"column":2},"end":{"line":39,"column":3}},"loc":{"start":{"line":39,"column":11},"end":{"line":63,"column":3}},"line":39}},"branchMap":{"0":{"loc":{"start":{"line":26,"column":4},"end":{"line":26,"column":23}},"type":"if","locations":[{"start":{"line":26,"column":4},"end":{"line":26,"column":23}},{"start":{"line":26,"column":4},"end":{"line":26,"column":23}}],"line":26}},"s":{"0":1,"1":1,"2":1,"3":1,"4":0,"5":0,"6":0,"7":0,"8":0,"9":0,"10":0,"11":0,"12":1,"13":1,"14":3},"f":{"0":1,"1":0,"2":0,"3":0,"4":1},"b":{"0":[0,0]},"_coverageSchema":"332fd63041d2c1bcb487cc26dd0d5f7d97098a6c","hash":"28535d81dc6ffc5713635b8947739ac667fb90bd"}
,"/home/bober/apps/cookbook-app/lib/client/src/components/CommentsList/CommentsList.jsx": {"path":"/home/bober/apps/cookbook-app/lib/client/src/components/CommentsList/CommentsList.jsx","statementMap":{"0":{"start":{"line":10,"column":4},"end":{"line":10,"column":31}},"1":{"start":{"line":19,"column":8},"end":{"line":19,"column":25}},"2":{"start":{"line":20,"column":31},"end":{"line":29,"column":6}},"3":{"start":{"line":21,"column":6},"end":{"line":28,"column":8}},"4":{"start":{"line":31,"column":4},"end":{"line":39,"column":5}},"5":{"start":{"line":32,"column":6},"end":{"line":38,"column":8}},"6":{"start":{"line":41,"column":4},"end":{"line":57,"column":6}},"7":{"start":{"line":63,"column":0},"end":{"line":65,"column":2}},"8":{"start":{"line":67,"column":0},"end":{"line":72,"column":2}}},"fnMap":{"0":{"name":"(anonymous_0)","decl":{"start":{"line":9,"column":2},"end":{"line":9,"column":3}},"loc":{"start":{"line":9,"column":22},"end":{"line":11,"column":3}},"line":9},"1":{"name":"(anonymous_1)","decl":{"start":{"line":13,"column":2},"end":{"line":13,"column":3}},"loc":{"start":{"line":13,"column":11},"end":{"line":58,"column":3}},"line":13},"2":{"name":"(anonymous_2)","decl":{"start":{"line":20,"column":44},"end":{"line":20,"column":45}},"loc":{"start":{"line":21,"column":6},"end":{"line":28,"column":8}},"line":21}},"branchMap":{"0":{"loc":{"start":{"line":31,"column":4},"end":{"line":39,"column":5}},"type":"if","locations":[{"start":{"line":31,"column":4},"end":{"line":39,"column":5}},{"start":{"line":31,"column":4},"end":{"line":39,"column":5}}],"line":31}},"s":{"0":1,"1":1,"2":1,"3":1,"4":1,"5":0,"6":1,"7":2,"8":2},"f":{"0":1,"1":1,"2":1},"b":{"0":[0,1]},"_coverageSchema":"332fd63041d2c1bcb487cc26dd0d5f7d97098a6c","hash":"9effa8c297e06ecf66c087233ea7cffa6319a788"}
,"/home/bober/apps/cookbook-app/lib/client/src/components/Footer/Footer.jsx": {"path":"/home/bober/apps/cookbook-app/lib/client/src/components/Footer/Footer.jsx","statementMap":{"0":{"start":{"line":7,"column":2},"end":{"line":15,"column":4}}},"fnMap":{"0":{"name":"Footer","decl":{"start":{"line":6,"column":9},"end":{"line":6,"column":15}},"loc":{"start":{"line":6,"column":18},"end":{"line":16,"column":1}},"line":6}},"branchMap":{},"s":{"0":1},"f":{"0":1},"b":{},"_coverageSchema":"332fd63041d2c1bcb487cc26dd0d5f7d97098a6c","hash":"634cf58ce0a9d9549a8c79bce77ee50965209d63"}
,"/home/bober/apps/cookbook-app/lib/client/src/components/ItemsList/ItemsList.jsx": {"path":"/home/bober/apps/cookbook-app/lib/client/src/components/ItemsList/ItemsList.jsx","statementMap":{"0":{"start":{"line":10,"column":35},"end":{"line":10,"column":52}},"1":{"start":{"line":13,"column":4},"end":{"line":19,"column":5}},"2":{"start":{"line":14,"column":6},"end":{"line":18,"column":7}},"3":{"start":{"line":15,"column":8},"end":{"line":15,"column":28}},"4":{"start":{"line":17,"column":8},"end":{"line":17,"column":45}},"5":{"start":{"line":23,"column":43},"end":{"line":23,"column":60}},"6":{"start":{"line":24,"column":28},"end":{"line":30,"column":6}},"7":{"start":{"line":25,"column":6},"end":{"line":29,"column":8}},"8":{"start":{"line":32,"column":4},"end":{"line":42,"column":5}},"9":{"start":{"line":33,"column":6},"end":{"line":41,"column":8}},"10":{"start":{"line":44,"column":4},"end":{"line":50,"column":5}},"11":{"start":{"line":45,"column":6},"end":{"line":49,"column":8}},"12":{"start":{"line":52,"column":4},"end":{"line":56,"column":6}},"13":{"start":{"line":62,"column":0},"end":{"line":65,"column":2}},"14":{"start":{"line":67,"column":0},"end":{"line":74,"column":2}}},"fnMap":{"0":{"name":"(anonymous_0)","decl":{"start":{"line":9,"column":2},"end":{"line":9,"column":3}},"loc":{"start":{"line":9,"column":32},"end":{"line":20,"column":3}},"line":9},"1":{"name":"(anonymous_1)","decl":{"start":{"line":22,"column":2},"end":{"line":22,"column":3}},"loc":{"start":{"line":22,"column":11},"end":{"line":57,"column":3}},"line":22},"2":{"name":"(anonymous_2)","decl":{"start":{"line":24,"column":38},"end":{"line":24,"column":39}},"loc":{"start":{"line":25,"column":6},"end":{"line":29,"column":8}},"line":25}},"branchMap":{"0":{"loc":{"start":{"line":13,"column":4},"end":{"line":19,"column":5}},"type":"if","locations":[{"start":{"line":13,"column":4},"end":{"line":19,"column":5}},{"start":{"line":13,"column":4},"end":{"line":19,"column":5}}],"line":13},"1":{"loc":{"start":{"line":14,"column":6},"end":{"line":18,"column":7}},"type":"if","locations":[{"start":{"line":14,"column":6},"end":{"line":18,"column":7}},{"start":{"line":14,"column":6},"end":{"line":18,"column":7}}],"line":14},"2":{"loc":{"start":{"line":32,"column":4},"end":{"line":42,"column":5}},"type":"if","locations":[{"start":{"line":32,"column":4},"end":{"line":42,"column":5}},{"start":{"line":32,"column":4},"end":{"line":42,"column":5}}],"line":32},"3":{"loc":{"start":{"line":44,"column":4},"end":{"line":50,"column":5}},"type":"if","locations":[{"start":{"line":44,"column":4},"end":{"line":50,"column":5}},{"start":{"line":44,"column":4},"end":{"line":50,"column":5}}],"line":44}},"s":{"0":2,"1":2,"2":0,"3":0,"4":0,"5":5,"6":5,"7":2,"8":5,"9":1,"10":4,"11":2,"12":2,"13":2,"14":2},"f":{"0":2,"1":5,"2":2},"b":{"0":[0,2],"1":[0,0],"2":[1,4],"3":[2,2]},"_coverageSchema":"332fd63041d2c1bcb487cc26dd0d5f7d97098a6c","hash":"7a553ad71b315269a50b2e656669021d6590b238"}
,"/home/bober/apps/cookbook-app/lib/client/src/components/NavMenu/NavMenu.jsx": {"path":"/home/bober/apps/cookbook-app/lib/client/src/components/NavMenu/NavMenu.jsx","statementMap":{"0":{"start":{"line":12,"column":4},"end":{"line":12,"column":17}},"1":{"start":{"line":13,"column":4},"end":{"line":15,"column":6}},"2":{"start":{"line":16,"column":4},"end":{"line":16,"column":67}},"3":{"start":{"line":20,"column":4},"end":{"line":22,"column":7}},"4":{"start":{"line":21,"column":6},"end":{"line":21,"column":53}},"5":{"start":{"line":26,"column":34},"end":{"line":26,"column":51}},"6":{"start":{"line":27,"column":32},"end":{"line":27,"column":49}},"7":{"start":{"line":29,"column":4},"end":{"line":56,"column":6}},"8":{"start":{"line":62,"column":0},"end":{"line":65,"column":1}}},"fnMap":{"0":{"name":"(anonymous_0)","decl":{"start":{"line":11,"column":2},"end":{"line":11,"column":3}},"loc":{"start":{"line":11,"column":21},"end":{"line":17,"column":3}},"line":11},"1":{"name":"(anonymous_1)","decl":{"start":{"line":19,"column":2},"end":{"line":19,"column":3}},"loc":{"start":{"line":19,"column":24},"end":{"line":23,"column":3}},"line":19},"2":{"name":"(anonymous_2)","decl":{"start":{"line":20,"column":18},"end":{"line":20,"column":19}},"loc":{"start":{"line":21,"column":6},"end":{"line":21,"column":53}},"line":21},"3":{"name":"(anonymous_3)","decl":{"start":{"line":25,"column":2},"end":{"line":25,"column":3}},"loc":{"start":{"line":25,"column":11},"end":{"line":57,"column":3}},"line":25}},"branchMap":{"0":{"loc":{"start":{"line":45,"column":23},"end":{"line":45,"column":57}},"type":"cond-expr","locations":[{"start":{"line":45,"column":41},"end":{"line":45,"column":48}},{"start":{"line":45,"column":51},"end":{"line":45,"column":57}}],"line":45}},"s":{"0":1,"1":1,"2":1,"3":2,"4":2,"5":3,"6":3,"7":3,"8":1},"f":{"0":1,"1":2,"2":2,"3":3},"b":{"0":[1,2]},"_coverageSchema":"332fd63041d2c1bcb487cc26dd0d5f7d97098a6c","hash":"7fd28091d0efca7263c3d777cb4c407a9c3a0246"}
,"/home/bober/apps/cookbook-app/lib/client/src/components/PhotoItem/PhotoItem.jsx": {"path":"/home/bober/apps/cookbook-app/lib/client/src/components/PhotoItem/PhotoItem.jsx","statementMap":{"0":{"start":{"line":6,"column":2},"end":{"line":15,"column":4}},"1":{"start":{"line":18,"column":0},"end":{"line":23,"column":2}}},"fnMap":{"0":{"name":"PhotoItem","decl":{"start":{"line":5,"column":9},"end":{"line":5,"column":18}},"loc":{"start":{"line":5,"column":32},"end":{"line":16,"column":1}},"line":5}},"branchMap":{},"s":{"0":1,"1":1},"f":{"0":1},"b":{},"_coverageSchema":"332fd63041d2c1bcb487cc26dd0d5f7d97098a6c","hash":"bd2a6fcf2a609842424c910e9f721e24e552da1e"}
,"/home/bober/apps/cookbook-app/lib/client/src/components/Recipe/Recipe.jsx": {"path":"/home/bober/apps/cookbook-app/lib/client/src/components/Recipe/Recipe.jsx","statementMap":{"0":{"start":{"line":9,"column":22},"end":{"line":13,"column":4}},"1":{"start":{"line":10,"column":4},"end":{"line":12,"column":8}},"2":{"start":{"line":15,"column":2},"end":{"line":44,"column":4}},"3":{"start":{"line":49,"column":0},"end":{"line":59,"column":2}}},"fnMap":{"0":{"name":"Recipe","decl":{"start":{"line":8,"column":9},"end":{"line":8,"column":15}},"loc":{"start":{"line":8,"column":29},"end":{"line":45,"column":1}},"line":8},"1":{"name":"(anonymous_1)","decl":{"start":{"line":9,"column":58},"end":{"line":9,"column":59}},"loc":{"start":{"line":10,"column":4},"end":{"line":12,"column":8}},"line":10}},"branchMap":{},"s":{"0":1,"1":2,"2":1,"3":2},"f":{"0":1,"1":2},"b":{},"_coverageSchema":"332fd63041d2c1bcb487cc26dd0d5f7d97098a6c","hash":"86853b357c99b27121735db8744acf6af5c9818d"}
,"/home/bober/apps/cookbook-app/lib/client/src/components/RecipeItem/RecipeItem.jsx": {"path":"/home/bober/apps/cookbook-app/lib/client/src/components/RecipeItem/RecipeItem.jsx","statementMap":{"0":{"start":{"line":10,"column":22},"end":{"line":13,"column":3}},"1":{"start":{"line":11,"column":4},"end":{"line":11,"column":42}},"2":{"start":{"line":12,"column":4},"end":{"line":12,"column":26}},"3":{"start":{"line":15,"column":2},"end":{"line":38,"column":4}},"4":{"start":{"line":41,"column":0},"end":{"line":48,"column":2}}},"fnMap":{"0":{"name":"RecipeItem","decl":{"start":{"line":9,"column":9},"end":{"line":9,"column":19}},"loc":{"start":{"line":9,"column":42},"end":{"line":39,"column":1}},"line":9},"1":{"name":"(anonymous_1)","decl":{"start":{"line":10,"column":22},"end":{"line":10,"column":23}},"loc":{"start":{"line":10,"column":28},"end":{"line":13,"column":3}},"line":10}},"branchMap":{},"s":{"0":1,"1":1,"2":1,"3":1,"4":1},"f":{"0":1,"1":1},"b":{},"_coverageSchema":"332fd63041d2c1bcb487cc26dd0d5f7d97098a6c","hash":"ff0cdb635258e7fb7352854099b462847d7ddd7f"}
,"/home/bober/apps/cookbook-app/lib/client/src/components/UserLogin/UserLogin.jsx": {"path":"/home/bober/apps/cookbook-app/lib/client/src/components/UserLogin/UserLogin.jsx","statementMap":{"0":{"start":{"line":12,"column":4},"end":{"line":12,"column":12}},"1":{"start":{"line":13,"column":4},"end":{"line":19,"column":6}},"2":{"start":{"line":20,"column":4},"end":{"line":20,"column":63}},"3":{"start":{"line":21,"column":4},"end":{"line":21,"column":51}},"4":{"start":{"line":22,"column":4},"end":{"line":22,"column":53}},"5":{"start":{"line":23,"column":4},"end":{"line":23,"column":41}},"6":{"start":{"line":27,"column":22},"end":{"line":27,"column":24}},"7":{"start":{"line":29,"column":4},"end":{"line":29,"column":38}},"8":{"start":{"line":30,"column":4},"end":{"line":30,"column":29}},"9":{"start":{"line":34,"column":37},"end":{"line":34,"column":54}},"10":{"start":{"line":35,"column":24},"end":{"line":35,"column":41}},"11":{"start":{"line":37,"column":4},"end":{"line":37,"column":53}},"12":{"start":{"line":37,"column":46},"end":{"line":37,"column":53}},"13":{"start":{"line":39,"column":4},"end":{"line":42,"column":7}},"14":{"start":{"line":43,"column":4},"end":{"line":46,"column":7}},"15":{"start":{"line":50,"column":50},"end":{"line":50,"column":67}},"16":{"start":{"line":51,"column":25},"end":{"line":51,"column":42}},"17":{"start":{"line":53,"column":4},"end":{"line":53,"column":69}},"18":{"start":{"line":53,"column":62},"end":{"line":53,"column":69}},"19":{"start":{"line":55,"column":4},"end":{"line":59,"column":7}},"20":{"start":{"line":60,"column":4},"end":{"line":64,"column":7}},"21":{"start":{"line":68,"column":4},"end":{"line":70,"column":7}},"22":{"start":{"line":80,"column":8},"end":{"line":80,"column":25}},"23":{"start":{"line":86,"column":8},"end":{"line":86,"column":25}},"24":{"start":{"line":88,"column":4},"end":{"line":95,"column":5}},"25":{"start":{"line":89,"column":6},"end":{"line":94,"column":8}},"26":{"start":{"line":97,"column":4},"end":{"line":178,"column":6}},"27":{"start":{"line":106,"column":27},"end":{"line":106,"column":61}},"28":{"start":{"line":113,"column":27},"end":{"line":113,"column":69}},"29":{"start":{"line":140,"column":27},"end":{"line":140,"column":64}},"30":{"start":{"line":147,"column":27},"end":{"line":147,"column":70}},"31":{"start":{"line":184,"column":0},"end":{"line":191,"column":2}}},"fnMap":{"0":{"name":"(anonymous_0)","decl":{"start":{"line":11,"column":2},"end":{"line":11,"column":3}},"loc":{"start":{"line":11,"column":16},"end":{"line":24,"column":3}},"line":11},"1":{"name":"(anonymous_1)","decl":{"start":{"line":26,"column":2},"end":{"line":26,"column":3}},"loc":{"start":{"line":26,"column":30},"end":{"line":31,"column":3}},"line":26},"2":{"name":"(anonymous_2)","decl":{"start":{"line":33,"column":2},"end":{"line":33,"column":3}},"loc":{"start":{"line":33,"column":16},"end":{"line":47,"column":3}},"line":33},"3":{"name":"(anonymous_3)","decl":{"start":{"line":49,"column":2},"end":{"line":49,"column":3}},"loc":{"start":{"line":49,"column":17},"end":{"line":65,"column":3}},"line":49},"4":{"name":"(anonymous_4)","decl":{"start":{"line":67,"column":2},"end":{"line":67,"column":3}},"loc":{"start":{"line":67,"column":16},"end":{"line":71,"column":3}},"line":67},"5":{"name":"(anonymous_5)","decl":{"start":{"line":73,"column":2},"end":{"line":73,"column":3}},"loc":{"start":{"line":73,"column":11},"end":{"line":179,"column":3}},"line":73},"6":{"name":"(anonymous_6)","decl":{"start":{"line":106,"column":22},"end":{"line":106,"column":23}},"loc":{"start":{"line":106,"column":27},"end":{"line":106,"column":61}},"line":106},"7":{"name":"(anonymous_7)","decl":{"start":{"line":113,"column":22},"end":{"line":113,"column":23}},"loc":{"start":{"line":113,"column":27},"end":{"line":113,"column":69}},"line":113},"8":{"name":"(anonymous_8)","decl":{"start":{"line":140,"column":22},"end":{"line":140,"column":23}},"loc":{"start":{"line":140,"column":27},"end":{"line":140,"column":64}},"line":140},"9":{"name":"(anonymous_9)","decl":{"start":{"line":147,"column":22},"end":{"line":147,"column":23}},"loc":{"start":{"line":147,"column":27},"end":{"line":147,"column":70}},"line":147}},"branchMap":{"0":{"loc":{"start":{"line":37,"column":4},"end":{"line":37,"column":53}},"type":"if","locations":[{"start":{"line":37,"column":4},"end":{"line":37,"column":53}},{"start":{"line":37,"column":4},"end":{"line":37,"column":53}}],"line":37},"1":{"loc":{"start":{"line":37,"column":8},"end":{"line":37,"column":44}},"type":"binary-expr","locations":[{"start":{"line":37,"column":8},"end":{"line":37,"column":20}},{"start":{"line":37,"column":24},"end":{"line":37,"column":44}}],"line":37},"2":{"loc":{"start":{"line":53,"column":4},"end":{"line":53,"column":69}},"type":"if","locations":[{"start":{"line":53,"column":4},"end":{"line":53,"column":69}},{"start":{"line":53,"column":4},"end":{"line":53,"column":69}}],"line":53},"3":{"loc":{"start":{"line":53,"column":8},"end":{"line":53,"column":60}},"type":"binary-expr","locations":[{"start":{"line":53,"column":8},"end":{"line":53,"column":23}},{"start":{"line":53,"column":27},"end":{"line":53,"column":48}},{"start":{"line":53,"column":52},"end":{"line":53,"column":60}}],"line":53},"4":{"loc":{"start":{"line":88,"column":4},"end":{"line":95,"column":5}},"type":"if","locations":[{"start":{"line":88,"column":4},"end":{"line":95,"column":5}},{"start":{"line":88,"column":4},"end":{"line":95,"column":5}}],"line":88},"5":{"loc":{"start":{"line":119,"column":23},"end":{"line":119,"column":90}},"type":"cond-expr","locations":[{"start":{"line":119,"column":44},"end":{"line":119,"column":62}},{"start":{"line":119,"column":65},"end":{"line":119,"column":90}}],"line":119},"6":{"loc":{"start":{"line":160,"column":13},"end":{"line":160,"column":101}},"type":"cond-expr","locations":[{"start":{"line":160,"column":24},"end":{"line":160,"column":48}},{"start":{"line":160,"column":51},"end":{"line":160,"column":101}}],"line":160},"7":{"loc":{"start":{"line":163,"column":23},"end":{"line":163,"column":83}},"type":"cond-expr","locations":[{"start":{"line":163,"column":37},"end":{"line":163,"column":55}},{"start":{"line":163,"column":58},"end":{"line":163,"column":83}}],"line":163}},"s":{"0":2,"1":2,"2":2,"3":2,"4":2,"5":2,"6":0,"7":0,"8":0,"9":2,"10":2,"11":2,"12":1,"13":1,"14":1,"15":2,"16":2,"17":2,"18":1,"19":1,"20":1,"21":0,"22":7,"23":7,"24":7,"25":1,"26":6,"27":0,"28":0,"29":0,"30":0,"31":2},"f":{"0":2,"1":0,"2":2,"3":2,"4":0,"5":7,"6":0,"7":0,"8":0,"9":0},"b":{"0":[1,1],"1":[2,1],"2":[1,1],"3":[2,1,1],"4":[1,6],"5":[0,6],"6":[5,1],"7":[0,6]},"_coverageSchema":"332fd63041d2c1bcb487cc26dd0d5f7d97098a6c","hash":"04a190741ad653d92b1e14a25629679555040b14"}
,"/home/bober/apps/cookbook-app/lib/client/src/components/UserLogout/UserLogout.jsx": {"path":"/home/bober/apps/cookbook-app/lib/client/src/components/UserLogout/UserLogout.jsx","statementMap":{"0":{"start":{"line":6,"column":2},"end":{"line":19,"column":4}},"1":{"start":{"line":24,"column":0},"end":{"line":27,"column":2}}},"fnMap":{"0":{"name":"UserLogout","decl":{"start":{"line":5,"column":9},"end":{"line":5,"column":19}},"loc":{"start":{"line":5,"column":40},"end":{"line":20,"column":1}},"line":5}},"branchMap":{},"s":{"0":0,"1":2},"f":{"0":0},"b":{},"_coverageSchema":"332fd63041d2c1bcb487cc26dd0d5f7d97098a6c","hash":"9ce443d79b830443dba2de6ec74ee17171095192"}
,"/home/bober/apps/cookbook-app/lib/client/src/components/VideoItem/VideoItem.jsx": {"path":"/home/bober/apps/cookbook-app/lib/client/src/components/VideoItem/VideoItem.jsx","statementMap":{"0":{"start":{"line":7,"column":2},"end":{"line":19,"column":4}},"1":{"start":{"line":24,"column":0},"end":{"line":29,"column":2}}},"fnMap":{"0":{"name":"VideoItem","decl":{"start":{"line":6,"column":9},"end":{"line":6,"column":18}},"loc":{"start":{"line":6,"column":32},"end":{"line":20,"column":1}},"line":6}},"branchMap":{},"s":{"0":1,"1":1},"f":{"0":1},"b":{},"_coverageSchema":"332fd63041d2c1bcb487cc26dd0d5f7d97098a6c","hash":"dc0e68a144ad0274de16ce54179562bc419ac17c"}
,"/home/bober/apps/cookbook-app/lib/client/src/constants/links.js": {"path":"/home/bober/apps/cookbook-app/lib/client/src/constants/links.js","statementMap":{"0":{"start":{"line":1,"column":14},"end":{"line":7,"column":1}}},"fnMap":{},"branchMap":{},"s":{"0":3},"f":{},"b":{},"_coverageSchema":"332fd63041d2c1bcb487cc26dd0d5f7d97098a6c","hash":"4ca7d96e111e1457643e83ed628ed401c61fbddb"}
,"/home/bober/apps/cookbook-app/lib/client/src/containers/BannerContainer/BannerContainer.js": {"path":"/home/bober/apps/cookbook-app/lib/client/src/containers/BannerContainer/BannerContainer.js","statementMap":{"0":{"start":{"line":5,"column":24},"end":{"line":10,"column":2}},"1":{"start":{"line":5,"column":34},"end":{"line":10,"column":1}},"2":{"start":{"line":12,"column":24},"end":{"line":14,"column":9}},"3":{"start":{"line":21,"column":2},"end":{"line":23,"column":3}},"4":{"start":{"line":22,"column":4},"end":{"line":22,"column":48}},"5":{"start":{"line":25,"column":2},"end":{"line":25,"column":12}}},"fnMap":{"0":{"name":"(anonymous_0)","decl":{"start":{"line":5,"column":24},"end":{"line":5,"column":25}},"loc":{"start":{"line":5,"column":34},"end":{"line":10,"column":1}},"line":5},"1":{"name":"returnCategoryIfExists","decl":{"start":{"line":20,"column":9},"end":{"line":20,"column":31}},"loc":{"start":{"line":20,"column":59},"end":{"line":26,"column":1}},"line":20}},"branchMap":{"0":{"loc":{"start":{"line":21,"column":2},"end":{"line":23,"column":3}},"type":"if","locations":[{"start":{"line":21,"column":2},"end":{"line":23,"column":3}},{"start":{"line":21,"column":2},"end":{"line":23,"column":3}}],"line":21}},"s":{"0":1,"1":2,"2":1,"3":2,"4":1,"5":1},"f":{"0":2,"1":2},"b":{"0":[1,1]},"_coverageSchema":"332fd63041d2c1bcb487cc26dd0d5f7d97098a6c","hash":"21a34900d6511d98bbaf2b54e82455568bdb5980"}
,"/home/bober/apps/cookbook-app/lib/client/src/containers/ItemsListContainer/ItemsListContainer.js": {"path":"/home/bober/apps/cookbook-app/lib/client/src/containers/ItemsListContainer/ItemsListContainer.js","statementMap":{"0":{"start":{"line":6,"column":24},"end":{"line":16,"column":2}},"1":{"start":{"line":6,"column":34},"end":{"line":16,"column":1}},"2":{"start":{"line":18,"column":27},"end":{"line":20,"column":2}},"3":{"start":{"line":18,"column":40},"end":{"line":20,"column":1}},"4":{"start":{"line":19,"column":24},"end":{"line":19,"column":58}},"5":{"start":{"line":22,"column":27},"end":{"line":25,"column":12}},"6":{"start":{"line":32,"column":2},"end":{"line":34,"column":3}},"7":{"start":{"line":33,"column":4},"end":{"line":33,"column":37}},"8":{"start":{"line":36,"column":2},"end":{"line":39,"column":4}}},"fnMap":{"0":{"name":"(anonymous_0)","decl":{"start":{"line":6,"column":24},"end":{"line":6,"column":25}},"loc":{"start":{"line":6,"column":34},"end":{"line":16,"column":1}},"line":6},"1":{"name":"(anonymous_1)","decl":{"start":{"line":18,"column":27},"end":{"line":18,"column":28}},"loc":{"start":{"line":18,"column":40},"end":{"line":20,"column":1}},"line":18},"2":{"name":"(anonymous_2)","decl":{"start":{"line":19,"column":12},"end":{"line":19,"column":13}},"loc":{"start":{"line":19,"column":24},"end":{"line":19,"column":58}},"line":19},"3":{"name":"returnCategoryIfExists","decl":{"start":{"line":31,"column":9},"end":{"line":31,"column":31}},"loc":{"start":{"line":31,"column":59},"end":{"line":40,"column":1}},"line":31}},"branchMap":{"0":{"loc":{"start":{"line":32,"column":2},"end":{"line":34,"column":3}},"type":"if","locations":[{"start":{"line":32,"column":2},"end":{"line":34,"column":3}},{"start":{"line":32,"column":2},"end":{"line":34,"column":3}}],"line":32}},"s":{"0":1,"1":2,"2":1,"3":2,"4":0,"5":1,"6":4,"7":2,"8":2},"f":{"0":2,"1":2,"2":0,"3":4},"b":{"0":[2,2]},"_coverageSchema":"332fd63041d2c1bcb487cc26dd0d5f7d97098a6c","hash":"75282f4439da4bae21d70ccb8d81edefb7e5bdf4"}
,"/home/bober/apps/cookbook-app/lib/client/src/containers/NavBar/NavBar.jsx": {"path":"/home/bober/apps/cookbook-app/lib/client/src/containers/NavBar/NavBar.jsx","statementMap":{"0":{"start":{"line":12,"column":18},"end":{"line":15,"column":3}},"1":{"start":{"line":13,"column":4},"end":{"line":13,"column":44}},"2":{"start":{"line":14,"column":4},"end":{"line":14,"column":40}},"3":{"start":{"line":17,"column":25},"end":{"line":26,"column":4}},"4":{"start":{"line":18,"column":4},"end":{"line":25,"column":11}},"5":{"start":{"line":22,"column":21},"end":{"line":22,"column":38}},"6":{"start":{"line":28,"column":2},"end":{"line":32,"column":4}},"7":{"start":{"line":37,"column":0},"end":{"line":39,"column":2}}},"fnMap":{"0":{"name":"NavBar","decl":{"start":{"line":11,"column":9},"end":{"line":11,"column":15}},"loc":{"start":{"line":11,"column":23},"end":{"line":33,"column":1}},"line":11},"1":{"name":"(anonymous_1)","decl":{"start":{"line":12,"column":18},"end":{"line":12,"column":19}},"loc":{"start":{"line":12,"column":27},"end":{"line":15,"column":3}},"line":12},"2":{"name":"(anonymous_2)","decl":{"start":{"line":17,"column":35},"end":{"line":17,"column":36}},"loc":{"start":{"line":18,"column":4},"end":{"line":25,"column":11}},"line":18},"3":{"name":"(anonymous_3)","decl":{"start":{"line":22,"column":15},"end":{"line":22,"column":16}},"loc":{"start":{"line":22,"column":21},"end":{"line":22,"column":38}},"line":22}},"branchMap":{},"s":{"0":1,"1":0,"2":0,"3":1,"4":5,"5":0,"6":1,"7":3},"f":{"0":1,"1":0,"2":5,"3":0},"b":{},"_coverageSchema":"332fd63041d2c1bcb487cc26dd0d5f7d97098a6c","hash":"6e94a2e69ede0eabe4825cc88a974629d0dc2c9f"}
,"/home/bober/apps/cookbook-app/lib/client/src/containers/RecipeContainer/RecipeContainer.jsx": {"path":"/home/bober/apps/cookbook-app/lib/client/src/containers/RecipeContainer/RecipeContainer.jsx","statementMap":{"0":{"start":{"line":11,"column":23},"end":{"line":30,"column":4}},"1":{"start":{"line":12,"column":4},"end":{"line":29,"column":6}},"2":{"start":{"line":16,"column":8},"end":{"line":27,"column":14}},"3":{"start":{"line":23,"column":33},"end":{"line":23,"column":65}},"4":{"start":{"line":32,"column":2},"end":{"line":36,"column":4}},"5":{"start":{"line":41,"column":14},"end":{"line":45,"column":5}},"6":{"start":{"line":49,"column":0},"end":{"line":55,"column":2}}},"fnMap":{"0":{"name":"RecipeContainer","decl":{"start":{"line":10,"column":9},"end":{"line":10,"column":24}},"loc":{"start":{"line":10,"column":62},"end":{"line":37,"column":1}},"line":10},"1":{"name":"(anonymous_1)","decl":{"start":{"line":11,"column":33},"end":{"line":11,"column":34}},"loc":{"start":{"line":12,"column":4},"end":{"line":29,"column":6}},"line":12},"2":{"name":"(anonymous_2)","decl":{"start":{"line":15,"column":14},"end":{"line":15,"column":15}},"loc":{"start":{"line":16,"column":8},"end":{"line":27,"column":14}},"line":16},"3":{"name":"(anonymous_3)","decl":{"start":{"line":23,"column":27},"end":{"line":23,"column":28}},"loc":{"start":{"line":23,"column":33},"end":{"line":23,"column":65}},"line":23},"4":{"name":"(anonymous_4)","decl":{"start":{"line":41,"column":4},"end":{"line":41,"column":5}},"loc":{"start":{"line":41,"column":14},"end":{"line":45,"column":5}},"line":41}},"branchMap":{"0":{"loc":{"start":{"line":20,"column":22},"end":{"line":20,"column":73}},"type":"cond-expr","locations":[{"start":{"line":20,"column":42},"end":{"line":20,"column":68}},{"start":{"line":20,"column":71},"end":{"line":20,"column":73}}],"line":20},"1":{"loc":{"start":{"line":43,"column":13},"end":{"line":43,"column":85}},"type":"cond-expr","locations":[{"start":{"line":43,"column":45},"end":{"line":43,"column":80}},{"start":{"line":43,"column":83},"end":{"line":43,"column":85}}],"line":43}},"s":{"0":1,"1":1,"2":0,"3":0,"4":1,"5":1,"6":1},"f":{"0":1,"1":1,"2":0,"3":0,"4":1},"b":{"0":[0,0],"1":[1,0]},"_coverageSchema":"332fd63041d2c1bcb487cc26dd0d5f7d97098a6c","hash":"e9f9e14326d03278d05d33070486ee1274cf0e90"}
,"/home/bober/apps/cookbook-app/lib/client/src/containers/SearchBar/SearchBar.jsx": {"path":"/home/bober/apps/cookbook-app/lib/client/src/containers/SearchBar/SearchBar.jsx","statementMap":{"0":{"start":{"line":14,"column":4},"end":{"line":14,"column":17}},"1":{"start":{"line":15,"column":4},"end":{"line":17,"column":6}},"2":{"start":{"line":18,"column":4},"end":{"line":18,"column":53}},"3":{"start":{"line":19,"column":4},"end":{"line":19,"column":41}},"4":{"start":{"line":23,"column":4},"end":{"line":23,"column":33}},"5":{"start":{"line":27,"column":44},"end":{"line":27,"column":61}},"6":{"start":{"line":29,"column":4},"end":{"line":31,"column":7}},"7":{"start":{"line":32,"column":4},"end":{"line":32,"column":38}},"8":{"start":{"line":32,"column":31},"end":{"line":32,"column":38}},"9":{"start":{"line":33,"column":4},"end":{"line":33,"column":42}},"10":{"start":{"line":34,"column":4},"end":{"line":34,"column":39}},"11":{"start":{"line":36,"column":4},"end":{"line":38,"column":5}},"12":{"start":{"line":37,"column":6},"end":{"line":37,"column":30}},"13":{"start":{"line":42,"column":22},"end":{"line":42,"column":39}},"14":{"start":{"line":44,"column":4},"end":{"line":59,"column":6}},"15":{"start":{"line":65,"column":0},"end":{"line":69,"column":2}}},"fnMap":{"0":{"name":"(anonymous_0)","decl":{"start":{"line":13,"column":2},"end":{"line":13,"column":3}},"loc":{"start":{"line":13,"column":21},"end":{"line":20,"column":3}},"line":13},"1":{"name":"(anonymous_1)","decl":{"start":{"line":22,"column":2},"end":{"line":22,"column":3}},"loc":{"start":{"line":22,"column":11},"end":{"line":24,"column":3}},"line":22},"2":{"name":"(anonymous_2)","decl":{"start":{"line":26,"column":2},"end":{"line":26,"column":3}},"loc":{"start":{"line":26,"column":18},"end":{"line":39,"column":3}},"line":26},"3":{"name":"(anonymous_3)","decl":{"start":{"line":41,"column":2},"end":{"line":41,"column":3}},"loc":{"start":{"line":41,"column":11},"end":{"line":60,"column":3}},"line":41}},"branchMap":{"0":{"loc":{"start":{"line":32,"column":4},"end":{"line":32,"column":38}},"type":"if","locations":[{"start":{"line":32,"column":4},"end":{"line":32,"column":38}},{"start":{"line":32,"column":4},"end":{"line":32,"column":38}}],"line":32},"1":{"loc":{"start":{"line":36,"column":4},"end":{"line":38,"column":5}},"type":"if","locations":[{"start":{"line":36,"column":4},"end":{"line":38,"column":5}},{"start":{"line":36,"column":4},"end":{"line":38,"column":5}}],"line":36}},"s":{"0":1,"1":1,"2":1,"3":1,"4":0,"5":0,"6":0,"7":0,"8":0,"9":0,"10":0,"11":0,"12":0,"13":1,"14":1,"15":2},"f":{"0":1,"1":0,"2":0,"3":1},"b":{"0":[0,0],"1":[0,0]},"_coverageSchema":"332fd63041d2c1bcb487cc26dd0d5f7d97098a6c","hash":"e5acd943dbee640a7b526c8e9a2e449bd86719ef"}
,"/home/bober/apps/cookbook-app/lib/client/src/containers/UserLoginContainer/UserLoginContainer.js": {"path":"/home/bober/apps/cookbook-app/lib/client/src/containers/UserLoginContainer/UserLoginContainer.js","statementMap":{"0":{"start":{"line":8,"column":24},"end":{"line":12,"column":2}},"1":{"start":{"line":8,"column":34},"end":{"line":12,"column":1}},"2":{"start":{"line":14,"column":27},"end":{"line":18,"column":2}},"3":{"start":{"line":14,"column":40},"end":{"line":18,"column":1}},"4":{"start":{"line":15,"column":22},"end":{"line":15,"column":58}},"5":{"start":{"line":16,"column":18},"end":{"line":16,"column":40}},"6":{"start":{"line":17,"column":23},"end":{"line":17,"column":54}},"7":{"start":{"line":20,"column":27},"end":{"line":23,"column":12}}},"fnMap":{"0":{"name":"(anonymous_0)","decl":{"start":{"line":8,"column":24},"end":{"line":8,"column":25}},"loc":{"start":{"line":8,"column":34},"end":{"line":12,"column":1}},"line":8},"1":{"name":"(anonymous_1)","decl":{"start":{"line":14,"column":27},"end":{"line":14,"column":28}},"loc":{"start":{"line":14,"column":40},"end":{"line":18,"column":1}},"line":14},"2":{"name":"(anonymous_2)","decl":{"start":{"line":15,"column":11},"end":{"line":15,"column":12}},"loc":{"start":{"line":15,"column":22},"end":{"line":15,"column":58}},"line":15},"3":{"name":"(anonymous_3)","decl":{"start":{"line":16,"column":12},"end":{"line":16,"column":13}},"loc":{"start":{"line":16,"column":18},"end":{"line":16,"column":40}},"line":16},"4":{"name":"(anonymous_4)","decl":{"start":{"line":17,"column":12},"end":{"line":17,"column":13}},"loc":{"start":{"line":17,"column":23},"end":{"line":17,"column":54}},"line":17}},"branchMap":{},"s":{"0":1,"1":1,"2":1,"3":1,"4":0,"5":0,"6":0,"7":1},"f":{"0":1,"1":1,"2":0,"3":0,"4":0},"b":{},"_coverageSchema":"332fd63041d2c1bcb487cc26dd0d5f7d97098a6c","hash":"c7afd89524e85cb34c5c7c0577e7c78be92f1370"}
,"/home/bober/apps/cookbook-app/lib/client/src/reducers/combinedReducers.js": {"path":"/home/bober/apps/cookbook-app/lib/client/src/reducers/combinedReducers.js","statementMap":{"0":{"start":{"line":1,"column":13},"end":{"line":1,"column":75}},"1":{"start":{"line":1,"column":88},"end":{"line":1,"column":104}},"2":{"start":{"line":3,"column":18},"end":{"line":3,"column":52}},"3":{"start":{"line":3,"column":72},"end":{"line":3,"column":107}},"4":{"start":{"line":4,"column":24},"end":{"line":4,"column":70}},"5":{"start":{"line":4,"column":96},"end":{"line":4,"column":137}},"6":{"start":{"line":5,"column":14},"end":{"line":5,"column":40}},"7":{"start":{"line":5,"column":56},"end":{"line":5,"column":87}},"8":{"start":{"line":6,"column":23},"end":{"line":6,"column":67}},"9":{"start":{"line":6,"column":92},"end":{"line":6,"column":132}},"10":{"start":{"line":7,"column":24},"end":{"line":7,"column":70}},"11":{"start":{"line":7,"column":96},"end":{"line":7,"column":137}},"12":{"start":{"line":7,"column":176},"end":{"line":7,"column":230}},"13":{"start":{"line":9,"column":20},"end":{"line":14,"column":49}},"14":{"start":{"line":14,"column":50},"end":{"line":17,"column":12}}},"fnMap":{"0":{"name":"_interopRequireDefault","decl":{"start":{"line":7,"column":147},"end":{"line":7,"column":169}},"loc":{"start":{"line":7,"column":175},"end":{"line":7,"column":231}},"line":7}},"branchMap":{"0":{"loc":{"start":{"line":7,"column":183},"end":{"line":7,"column":229}},"type":"cond-expr","locations":[{"start":{"line":7,"column":207},"end":{"line":7,"column":210}},{"start":{"line":7,"column":213},"end":{"line":7,"column":229}}],"line":7},"1":{"loc":{"start":{"line":7,"column":183},"end":{"line":7,"column":204}},"type":"binary-expr","locations":[{"start":{"line":7,"column":183},"end":{"line":7,"column":186}},{"start":{"line":7,"column":190},"end":{"line":7,"column":204}}],"line":7}},"s":{"0":0,"1":0,"2":0,"3":0,"4":0,"5":0,"6":0,"7":0,"8":0,"9":0,"10":0,"11":0,"12":0,"13":0,"14":0},"f":{"0":0},"b":{"0":[0,0],"1":[0,0]}}
,"/home/bober/apps/cookbook-app/lib/client/src/reducers/activeUser/activeUser.js": {"path":"/home/bober/apps/cookbook-app/lib/client/src/reducers/activeUser/activeUser.js","statementMap":{"0":{"start":{"line":5,"column":2},"end":{"line":14,"column":3}},"1":{"start":{"line":7,"column":6},"end":{"line":7,"column":28}},"2":{"start":{"line":10,"column":6},"end":{"line":10,"column":21}},"3":{"start":{"line":13,"column":6},"end":{"line":13,"column":19}}},"fnMap":{"0":{"name":"activeUser","decl":{"start":{"line":4,"column":24},"end":{"line":4,"column":34}},"loc":{"start":{"line":4,"column":60},"end":{"line":15,"column":1}},"line":4}},"branchMap":{"0":{"loc":{"start":{"line":4,"column":35},"end":{"line":4,"column":50}},"type":"default-arg","locations":[{"start":{"line":4,"column":43},"end":{"line":4,"column":50}}],"line":4},"1":{"loc":{"start":{"line":5,"column":2},"end":{"line":14,"column":3}},"type":"switch","locations":[{"start":{"line":6,"column":4},"end":{"line":7,"column":28}},{"start":{"line":9,"column":4},"end":{"line":10,"column":21}},{"start":{"line":12,"column":4},"end":{"line":13,"column":19}}],"line":5}},"s":{"0":3,"1":1,"2":1,"3":1},"f":{"0":3},"b":{"0":[1],"1":[1,1,1]},"_coverageSchema":"332fd63041d2c1bcb487cc26dd0d5f7d97098a6c","hash":"949aa57e9ba61fab4dee7b1d198660f8a48ccc23"}
,"/home/bober/apps/cookbook-app/lib/client/src/reducers/commentsByRecipe/commentsByRecipe.js": {"path":"/home/bober/apps/cookbook-app/lib/client/src/reducers/commentsByRecipe/commentsByRecipe.js","statementMap":{"0":{"start":{"line":11,"column":2},"end":{"line":26,"column":3}},"1":{"start":{"line":13,"column":6},"end":{"line":15,"column":9}},"2":{"start":{"line":18,"column":6},"end":{"line":22,"column":9}},"3":{"start":{"line":25,"column":6},"end":{"line":25,"column":19}},"4":{"start":{"line":30,"column":2},"end":{"line":40,"column":3}},"5":{"start":{"line":33,"column":6},"end":{"line":36,"column":8}},"6":{"start":{"line":39,"column":6},"end":{"line":39,"column":19}}},"fnMap":{"0":{"name":"comments","decl":{"start":{"line":4,"column":9},"end":{"line":4,"column":17}},"loc":{"start":{"line":10,"column":2},"end":{"line":27,"column":1}},"line":10},"1":{"name":"commentsByCategory","decl":{"start":{"line":29,"column":9},"end":{"line":29,"column":27}},"loc":{"start":{"line":29,"column":48},"end":{"line":41,"column":1}},"line":29}},"branchMap":{"0":{"loc":{"start":{"line":5,"column":2},"end":{"line":8,"column":3}},"type":"default-arg","locations":[{"start":{"line":5,"column":10},"end":{"line":8,"column":3}}],"line":5},"1":{"loc":{"start":{"line":11,"column":2},"end":{"line":26,"column":3}},"type":"switch","locations":[{"start":{"line":12,"column":4},"end":{"line":15,"column":9}},{"start":{"line":17,"column":4},"end":{"line":22,"column":9}},{"start":{"line":24,"column":4},"end":{"line":25,"column":19}}],"line":11},"2":{"loc":{"start":{"line":29,"column":28},"end":{"line":29,"column":38}},"type":"default-arg","locations":[{"start":{"line":29,"column":36},"end":{"line":29,"column":38}}],"line":29},"3":{"loc":{"start":{"line":30,"column":2},"end":{"line":40,"column":3}},"type":"switch","locations":[{"start":{"line":31,"column":4},"end":{"line":31,"column":26}},{"start":{"line":32,"column":4},"end":{"line":36,"column":8}},{"start":{"line":38,"column":4},"end":{"line":39,"column":19}}],"line":30}},"s":{"0":2,"1":1,"2":1,"3":0,"4":3,"5":2,"6":1},"f":{"0":2,"1":3},"b":{"0":[1],"1":[1,1,0],"2":[2],"3":[1,2,1]},"_coverageSchema":"332fd63041d2c1bcb487cc26dd0d5f7d97098a6c","hash":"387ffe5759c16a9b65a3d496e2d59cccbb8ceb9f"}
,"/home/bober/apps/cookbook-app/lib/client/src/reducers/errors/errors.js": {"path":"/home/bober/apps/cookbook-app/lib/client/src/reducers/errors/errors.js","statementMap":{"0":{"start":{"line":11,"column":2},"end":{"line":26,"column":3}},"1":{"start":{"line":13,"column":6},"end":{"line":16,"column":8}},"2":{"start":{"line":19,"column":6},"end":{"line":22,"column":8}},"3":{"start":{"line":25,"column":6},"end":{"line":25,"column":19}}},"fnMap":{"0":{"name":"errors","decl":{"start":{"line":4,"column":24},"end":{"line":4,"column":30}},"loc":{"start":{"line":10,"column":2},"end":{"line":27,"column":1}},"line":10}},"branchMap":{"0":{"loc":{"start":{"line":5,"column":2},"end":{"line":8,"column":3}},"type":"default-arg","locations":[{"start":{"line":5,"column":10},"end":{"line":8,"column":3}}],"line":5},"1":{"loc":{"start":{"line":11,"column":2},"end":{"line":26,"column":3}},"type":"switch","locations":[{"start":{"line":12,"column":4},"end":{"line":16,"column":8}},{"start":{"line":18,"column":4},"end":{"line":22,"column":8}},{"start":{"line":24,"column":4},"end":{"line":25,"column":19}}],"line":11}},"s":{"0":3,"1":1,"2":1,"3":1},"f":{"0":3},"b":{"0":[3],"1":[1,1,1]},"_coverageSchema":"332fd63041d2c1bcb487cc26dd0d5f7d97098a6c","hash":"b01f6350d5a66e9732082672b8ed2f723e692d03"}
,"/home/bober/apps/cookbook-app/lib/client/src/reducers/itemsByCategory/itemsByCategory.js": {"path":"/home/bober/apps/cookbook-app/lib/client/src/reducers/itemsByCategory/itemsByCategory.js","statementMap":{"0":{"start":{"line":11,"column":2},"end":{"line":26,"column":3}},"1":{"start":{"line":13,"column":6},"end":{"line":15,"column":9}},"2":{"start":{"line":18,"column":6},"end":{"line":22,"column":9}},"3":{"start":{"line":25,"column":6},"end":{"line":25,"column":19}},"4":{"start":{"line":30,"column":2},"end":{"line":40,"column":3}},"5":{"start":{"line":33,"column":6},"end":{"line":36,"column":8}},"6":{"start":{"line":39,"column":6},"end":{"line":39,"column":19}}},"fnMap":{"0":{"name":"items","decl":{"start":{"line":4,"column":9},"end":{"line":4,"column":14}},"loc":{"start":{"line":10,"column":2},"end":{"line":27,"column":1}},"line":10},"1":{"name":"itemsByCategory","decl":{"start":{"line":29,"column":9},"end":{"line":29,"column":24}},"loc":{"start":{"line":29,"column":45},"end":{"line":41,"column":1}},"line":29}},"branchMap":{"0":{"loc":{"start":{"line":5,"column":2},"end":{"line":8,"column":3}},"type":"default-arg","locations":[{"start":{"line":5,"column":10},"end":{"line":8,"column":3}}],"line":5},"1":{"loc":{"start":{"line":11,"column":2},"end":{"line":26,"column":3}},"type":"switch","locations":[{"start":{"line":12,"column":4},"end":{"line":15,"column":9}},{"start":{"line":17,"column":4},"end":{"line":22,"column":9}},{"start":{"line":24,"column":4},"end":{"line":25,"column":19}}],"line":11},"2":{"loc":{"start":{"line":29,"column":25},"end":{"line":29,"column":35}},"type":"default-arg","locations":[{"start":{"line":29,"column":33},"end":{"line":29,"column":35}}],"line":29},"3":{"loc":{"start":{"line":30,"column":2},"end":{"line":40,"column":3}},"type":"switch","locations":[{"start":{"line":31,"column":4},"end":{"line":31,"column":23}},{"start":{"line":32,"column":4},"end":{"line":36,"column":8}},{"start":{"line":38,"column":4},"end":{"line":39,"column":19}}],"line":30}},"s":{"0":2,"1":1,"2":1,"3":0,"4":3,"5":2,"6":1},"f":{"0":2,"1":3},"b":{"0":[1],"1":[1,1,0],"2":[2],"3":[1,2,1]},"_coverageSchema":"332fd63041d2c1bcb487cc26dd0d5f7d97098a6c","hash":"787ddb39d5f8586944a866242b07622fd247ef53"}
,"/home/bober/apps/cookbook-app/lib/client/src/reducers/selectedCategory/selectedCategory.js": {"path":"/home/bober/apps/cookbook-app/lib/client/src/reducers/selectedCategory/selectedCategory.js","statementMap":{"0":{"start":{"line":4,"column":2},"end":{"line":10,"column":3}},"1":{"start":{"line":6,"column":6},"end":{"line":6,"column":28}},"2":{"start":{"line":9,"column":6},"end":{"line":9,"column":19}}},"fnMap":{"0":{"name":"selectedCategory","decl":{"start":{"line":3,"column":24},"end":{"line":3,"column":40}},"loc":{"start":{"line":3,"column":68},"end":{"line":11,"column":1}},"line":3}},"branchMap":{"0":{"loc":{"start":{"line":3,"column":41},"end":{"line":3,"column":58}},"type":"default-arg","locations":[{"start":{"line":3,"column":49},"end":{"line":3,"column":58}}],"line":3},"1":{"loc":{"start":{"line":4,"column":2},"end":{"line":10,"column":3}},"type":"switch","locations":[{"start":{"line":5,"column":4},"end":{"line":6,"column":28}},{"start":{"line":8,"column":4},"end":{"line":9,"column":19}}],"line":4}},"s":{"0":2,"1":1,"2":1},"f":{"0":2},"b":{"0":[1],"1":[1,1]},"_coverageSchema":"332fd63041d2c1bcb487cc26dd0d5f7d97098a6c","hash":"285e8c6b3cd437319ec1a808703e9c61c39ca90d"}
}
