TN:
SF:/home/bober/apps/cookbook-app/lib/client/src/App.jsx
FN:15,_interopRequireDefault
FN:18,(anonymous_1)
FN:24,(anonymous_2)
FN:43,(anonymous_3)
FN:47,(anonymous_4)
FN:51,(anonymous_5)
FN:56,(anonymous_6)
FN:61,(anonymous_7)
FNF:8
FNH:0
FNDA:0,_interopRequireDefault
FNDA:0,(anonymous_1)
FNDA:0,(anonymous_2)
FNDA:0,(anonymous_3)
FNDA:0,(anonymous_4)
FNDA:0,(anonymous_5)
FNDA:0,(anonymous_6)
FNDA:0,(anonymous_7)
DA:1,0
DA:2,0
DA:3,0
DA:4,0
DA:6,0
DA:7,0
DA:8,0
DA:9,0
DA:10,0
DA:11,0
DA:12,0
DA:13,0
DA:14,0
DA:15,0
DA:18,0
DA:19,0
DA:21,0
DA:24,0
DA:25,0
DA:27,0
DA:43,0
DA:47,0
DA:51,0
DA:56,0
DA:61,0
DA:71,0
LF:26
LH:0
BRDA:15,0,0,0
BRDA:15,0,1,0
BRDA:15,1,0,0
BRDA:15,1,1,0
BRF:4
BRH:0
end_of_record
TN:
SF:/home/bober/apps/cookbook-app/lib/client/src/index.js
FN:12,_interopRequireDefault
FNF:1
FNH:0
FNDA:0,_interopRequireDefault
DA:1,0
DA:2,0
DA:3,0
DA:4,0
DA:5,0
DA:6,0
DA:7,0
DA:8,0
DA:9,0
DA:11,0
DA:12,0
DA:14,0
DA:23,0
DA:30,0
DA:34,0
LF:15
LH:0
BRDA:12,0,0,0
BRDA:12,0,1,0
BRDA:12,1,0,0
BRDA:12,1,1,0
BRF:4
BRH:0
end_of_record
TN:
SF:/home/bober/apps/cookbook-app/lib/client/src/registerServiceWorker.js
FN:120,register
FN:124,(anonymous_1)
FN:127,(anonymous_2)
FN:128,registerValidSW
FN:128,(anonymous_4)
FN:128,(anonymous_5)
FN:128,(anonymous_6)
FN:135,(anonymous_7)
FN:135,checkValidServiceWorker
FN:136,(anonymous_9)
FN:138,(anonymous_10)
FN:138,(anonymous_11)
FN:139,(anonymous_12)
FN:139,unregister
FN:139,(anonymous_14)
FNF:15
FNH:0
FNDA:0,register
FNDA:0,(anonymous_1)
FNDA:0,(anonymous_2)
FNDA:0,registerValidSW
FNDA:0,(anonymous_4)
FNDA:0,(anonymous_5)
FNDA:0,(anonymous_6)
FNDA:0,(anonymous_7)
FNDA:0,checkValidServiceWorker
FNDA:0,(anonymous_9)
FNDA:0,(anonymous_10)
FNDA:0,(anonymous_11)
FNDA:0,(anonymous_12)
FNDA:0,unregister
FNDA:0,(anonymous_14)
DA:1,0
DA:21,0
DA:118,0
DA:120,0
DA:121,0
DA:124,0
DA:125,0
DA:127,0
DA:128,0
DA:132,0
DA:135,0
DA:136,0
DA:137,0
DA:138,0
DA:139,0
LF:15
LH:0
BRDA:118,0,0,0
BRDA:118,0,1,0
BRDA:118,0,2,0
BRDA:120,1,0,0
BRDA:120,1,1,0
BRDA:120,2,0,0
BRDA:120,2,1,0
BRDA:121,3,0,0
BRDA:121,3,1,0
BRDA:124,4,0,0
BRDA:124,4,1,0
BRDA:128,5,0,0
BRDA:128,5,1,0
BRDA:128,6,0,0
BRDA:128,6,1,0
BRDA:137,7,0,0
BRDA:137,7,1,0
BRDA:137,8,0,0
BRDA:137,8,1,0
BRDA:139,9,0,0
BRDA:139,9,1,0
BRF:21
BRH:0
end_of_record
TN:
SF:/home/bober/apps/cookbook-app/lib/client/src/actions/authorisationError.js
FN:3,(anonymous_0)
FNF:1
FNH:0
FNDA:0,(anonymous_0)
DA:1,2
DA:3,2
LF:2
LH:2
BRF:0
BRH:0
end_of_record
TN:
SF:/home/bober/apps/cookbook-app/lib/client/src/actions/checkUserPassword.js
FN:6,(anonymous_0)
FN:6,(anonymous_1)
FN:9,(anonymous_2)
FN:16,(anonymous_3)
FNF:4
FNH:0
FNDA:0,(anonymous_0)
FNDA:0,(anonymous_1)
FNDA:0,(anonymous_2)
FNDA:0,(anonymous_3)
DA:6,1
DA:7,0
DA:10,0
DA:11,0
DA:13,0
DA:17,0
DA:19,0
DA:20,0
DA:23,0
LF:9
LH:1
BRDA:10,0,0,0
BRDA:10,0,1,0
BRDA:17,1,0,0
BRDA:17,1,1,0
BRF:4
BRH:0
end_of_record
TN:
SF:/home/bober/apps/cookbook-app/lib/client/src/actions/fetchComments.js
FN:6,(anonymous_0)
FN:6,(anonymous_1)
FN:14,(anonymous_2)
FN:15,(anonymous_3)
FNF:4
FNH:0
FNDA:0,(anonymous_0)
FNDA:0,(anonymous_1)
FNDA:0,(anonymous_2)
FNDA:0,(anonymous_3)
DA:6,1
DA:7,0
DA:8,0
DA:14,0
DA:15,0
LF:5
LH:1
BRF:0
BRH:0
end_of_record
TN:
SF:/home/bober/apps/cookbook-app/lib/client/src/actions/fetchItems.js
FN:6,(anonymous_0)
FN:6,(anonymous_1)
FN:14,(anonymous_2)
FN:15,(anonymous_3)
FNF:4
FNH:0
FNDA:0,(anonymous_0)
FNDA:0,(anonymous_1)
FNDA:0,(anonymous_2)
FNDA:0,(anonymous_3)
DA:6,3
DA:7,0
DA:8,0
DA:14,0
DA:15,0
LF:5
LH:1
BRF:0
BRH:0
end_of_record
TN:
SF:/home/bober/apps/cookbook-app/lib/client/src/actions/fetchItemsIfNeeded.js
FN:3,(anonymous_0)
FN:3,(anonymous_1)
FN:15,shouldFetchItems
FNF:3
FNH:0
FNDA:0,(anonymous_0)
FNDA:0,(anonymous_1)
FNDA:0,shouldFetchItems
DA:3,3
DA:4,0
DA:5,0
DA:8,0
DA:16,0
DA:18,0
DA:19,0
DA:22,0
DA:23,0
DA:26,0
LF:10
LH:1
BRDA:4,0,0,0
BRDA:4,0,1,0
BRDA:18,1,0,0
BRDA:18,1,1,0
BRDA:22,2,0,0
BRDA:22,2,1,0
BRF:6
BRH:0
end_of_record
TN:
SF:/home/bober/apps/cookbook-app/lib/client/src/actions/pushUserData.js
FN:7,(anonymous_0)
FN:7,(anonymous_1)
FN:22,(anonymous_2)
FN:30,(anonymous_3)
FNF:4
FNH:0
FNDA:0,(anonymous_0)
FNDA:0,(anonymous_1)
FNDA:0,(anonymous_2)
FNDA:0,(anonymous_3)
DA:7,1
DA:12,0
DA:14,0
DA:16,0
DA:23,0
DA:24,0
DA:27,0
DA:31,0
DA:32,0
DA:34,0
LF:10
LH:1
BRDA:23,0,0,0
BRDA:23,0,1,0
BRDA:31,1,0,0
BRDA:31,1,1,0
BRF:4
BRH:0
end_of_record
TN:
SF:/home/bober/apps/cookbook-app/lib/client/src/actions/pushUserImage.js
FN:3,(anonymous_0)
FN:3,(anonymous_1)
FN:11,(anonymous_2)
FNF:3
FNH:0
FNDA:0,(anonymous_0)
FNDA:0,(anonymous_1)
FNDA:0,(anonymous_2)
DA:3,1
DA:4,0
DA:6,0
DA:7,0
DA:9,0
DA:11,0
LF:6
LH:1
BRF:0
BRH:0
end_of_record
TN:
SF:/home/bober/apps/cookbook-app/lib/client/src/actions/receiveComments.js
FN:3,(anonymous_0)
FNF:1
FNH:0
FNDA:0,(anonymous_0)
DA:1,2
DA:3,2
LF:2
LH:2
BRF:0
BRH:0
end_of_record
TN:
SF:/home/bober/apps/cookbook-app/lib/client/src/actions/receiveItems.js
FN:3,(anonymous_0)
FNF:1
FNH:0
FNDA:0,(anonymous_0)
DA:1,5
DA:3,5
LF:2
LH:2
BRF:0
BRH:0
end_of_record
TN:
SF:/home/bober/apps/cookbook-app/lib/client/src/actions/requestComments.js
FN:3,(anonymous_0)
FNF:1
FNH:0
FNDA:0,(anonymous_0)
DA:1,2
DA:3,2
LF:2
LH:2
BRF:0
BRH:0
end_of_record
TN:
SF:/home/bober/apps/cookbook-app/lib/client/src/actions/requestItems.js
FN:3,(anonymous_0)
FNF:1
FNH:0
FNDA:0,(anonymous_0)
DA:1,5
DA:3,5
LF:2
LH:2
BRF:0
BRH:0
end_of_record
TN:
SF:/home/bober/apps/cookbook-app/lib/client/src/actions/searchItems.js
FN:6,(anonymous_0)
FN:6,(anonymous_1)
FN:14,(anonymous_2)
FN:15,(anonymous_3)
FNF:4
FNH:0
FNDA:0,(anonymous_0)
FNDA:0,(anonymous_1)
FNDA:0,(anonymous_2)
FNDA:0,(anonymous_3)
DA:6,2
DA:7,0
DA:8,0
DA:14,0
DA:15,0
LF:5
LH:1
BRF:0
BRH:0
end_of_record
TN:
SF:/home/bober/apps/cookbook-app/lib/client/src/actions/selectCategory.js
FN:3,(anonymous_0)
FNF:1
FNH:0
FNDA:0,(anonymous_0)
DA:1,6
DA:3,6
LF:2
LH:2
BRF:0
BRH:0
end_of_record
TN:
SF:/home/bober/apps/cookbook-app/lib/client/src/actions/signInError.js
FN:3,(anonymous_0)
FNF:1
FNH:0
FNDA:0,(anonymous_0)
DA:1,2
DA:3,2
LF:2
LH:2
BRF:0
BRH:0
end_of_record
TN:
SF:/home/bober/apps/cookbook-app/lib/client/src/actions/userLogin.js
FN:3,(anonymous_0)
FNF:1
FNH:0
FNDA:0,(anonymous_0)
DA:1,2
DA:3,2
LF:2
LH:2
BRF:0
BRH:0
end_of_record
TN:
SF:/home/bober/apps/cookbook-app/lib/client/src/actions/userLogout.js
FN:3,(anonymous_0)
FNF:1
FNH:0
FNDA:0,(anonymous_0)
DA:1,2
DA:3,2
LF:2
LH:2
BRF:0
BRH:0
end_of_record
TN:
SF:/home/bober/apps/cookbook-app/lib/client/src/actions/userSignIn.js
FN:3,(anonymous_0)
FNF:1
FNH:0
FNDA:0,(anonymous_0)
DA:1,1
DA:3,1
LF:2
LH:2
BRF:0
BRH:0
end_of_record
TN:
SF:/home/bober/apps/cookbook-app/lib/client/src/components/Banner/Banner.jsx
FN:7,(anonymous_0)
FN:17,(anonymous_1)
FN:21,(anonymous_2)
FN:22,(anonymous_3)
FN:35,(anonymous_4)
FN:40,(anonymous_5)
FN:46,(anonymous_6)
FN:59,(anonymous_7)
FNF:8
FNH:5
FNDA:3,(anonymous_0)
FNDA:0,(anonymous_1)
FNDA:0,(anonymous_2)
FNDA:0,(anonymous_3)
FNDA:1,(anonymous_4)
FNDA:4,(anonymous_5)
FNDA:15,(anonymous_6)
FNDA:1,(anonymous_7)
DA:8,3
DA:9,3
DA:10,3
DA:13,3
DA:14,3
DA:18,0
DA:22,0
DA:25,0
DA:26,0
DA:28,0
DA:31,0
DA:36,1
DA:37,1
DA:41,4
DA:42,4
DA:44,4
DA:46,3
DA:49,15
DA:50,3
DA:52,12
DA:55,15
DA:59,1
DA:66,3
DA:98,2
LF:24
LH:18
BRDA:25,0,0,0
BRDA:25,0,1,0
BRDA:44,1,0,1
BRDA:44,1,1,3
BRDA:49,2,0,3
BRDA:49,2,1,12
BRF:6
BRH:4
end_of_record
TN:
SF:/home/bober/apps/cookbook-app/lib/client/src/components/Comment/Comment.jsx
FN:5,Comment
FNF:1
FNH:1
FNDA:1,Comment
DA:6,1
DA:34,3
LF:2
LH:2
BRF:0
BRH:0
end_of_record
TN:
SF:/home/bober/apps/cookbook-app/lib/client/src/components/CommentInput/CommentInput.jsx
FN:7,(anonymous_0)
FN:16,(anonymous_1)
FN:22,(anonymous_2)
FN:34,(anonymous_3)
FN:39,(anonymous_4)
FNF:5
FNH:2
FNDA:1,(anonymous_0)
FNDA:0,(anonymous_1)
FNDA:0,(anonymous_2)
FNDA:0,(anonymous_3)
FNDA:1,(anonymous_4)
DA:8,1
DA:9,1
DA:12,1
DA:13,1
DA:17,0
DA:23,0
DA:24,0
DA:26,0
DA:29,0
DA:34,0
DA:36,0
DA:40,1
DA:42,1
DA:68,3
LF:14
LH:7
BRDA:26,0,0,0
BRDA:26,0,1,0
BRF:2
BRH:0
end_of_record
TN:
SF:/home/bober/apps/cookbook-app/lib/client/src/components/CommentsList/CommentsList.jsx
FN:9,(anonymous_0)
FN:13,(anonymous_1)
FN:20,(anonymous_2)
FNF:3
FNH:3
FNDA:1,(anonymous_0)
FNDA:1,(anonymous_1)
FNDA:1,(anonymous_2)
DA:10,1
DA:19,1
DA:20,1
DA:21,1
DA:31,1
DA:32,0
DA:41,1
DA:63,2
DA:67,2
LF:9
LH:8
BRDA:31,0,0,0
BRDA:31,0,1,1
BRF:2
BRH:1
end_of_record
TN:
SF:/home/bober/apps/cookbook-app/lib/client/src/components/Footer/Footer.jsx
FN:6,Footer
FNF:1
FNH:1
FNDA:1,Footer
DA:7,1
LF:1
LH:1
BRF:0
BRH:0
end_of_record
TN:
SF:/home/bober/apps/cookbook-app/lib/client/src/components/ItemsList/ItemsList.jsx
FN:9,(anonymous_0)
FN:22,(anonymous_1)
FN:24,(anonymous_2)
FNF:3
FNH:3
FNDA:2,(anonymous_0)
FNDA:5,(anonymous_1)
FNDA:2,(anonymous_2)
DA:10,2
DA:13,2
DA:14,0
DA:15,0
DA:17,0
DA:23,5
DA:24,5
DA:25,2
DA:32,5
DA:33,1
DA:44,4
DA:45,2
DA:52,2
DA:62,2
DA:67,2
LF:15
LH:12
BRDA:13,0,0,0
BRDA:13,0,1,2
BRDA:14,1,0,0
BRDA:14,1,1,0
BRDA:32,2,0,1
BRDA:32,2,1,4
BRDA:44,3,0,2
BRDA:44,3,1,2
BRF:8
BRH:5
end_of_record
TN:
SF:/home/bober/apps/cookbook-app/lib/client/src/components/NavMenu/NavMenu.jsx
FN:11,(anonymous_0)
FN:19,(anonymous_1)
FN:20,(anonymous_2)
FN:25,(anonymous_3)
FNF:4
FNH:4
FNDA:1,(anonymous_0)
FNDA:2,(anonymous_1)
FNDA:2,(anonymous_2)
FNDA:3,(anonymous_3)
DA:12,1
DA:13,1
DA:16,1
DA:20,2
DA:21,2
DA:26,3
DA:27,3
DA:29,3
DA:62,1
LF:9
LH:9
BRDA:45,0,0,1
BRDA:45,0,1,2
BRF:2
BRH:2
end_of_record
TN:
SF:/home/bober/apps/cookbook-app/lib/client/src/components/PhotoItem/PhotoItem.jsx
FN:5,PhotoItem
FNF:1
FNH:1
FNDA:1,PhotoItem
DA:6,1
DA:18,1
LF:2
LH:2
BRF:0
BRH:0
end_of_record
TN:
SF:/home/bober/apps/cookbook-app/lib/client/src/components/Recipe/Recipe.jsx
FN:8,Recipe
FN:9,(anonymous_1)
FNF:2
FNH:2
FNDA:1,Recipe
FNDA:2,(anonymous_1)
DA:9,1
DA:10,2
DA:15,1
DA:49,2
LF:4
LH:4
BRF:0
BRH:0
end_of_record
TN:
SF:/home/bober/apps/cookbook-app/lib/client/src/components/RecipeItem/RecipeItem.jsx
FN:9,RecipeItem
FN:10,(anonymous_1)
FNF:2
FNH:2
FNDA:1,RecipeItem
FNDA:1,(anonymous_1)
DA:10,1
DA:11,1
DA:12,1
DA:15,1
DA:41,1
LF:5
LH:5
BRF:0
BRH:0
end_of_record
TN:
SF:/home/bober/apps/cookbook-app/lib/client/src/components/UserLogin/UserLogin.jsx
FN:11,(anonymous_0)
FN:26,(anonymous_1)
FN:33,(anonymous_2)
FN:49,(anonymous_3)
FN:67,(anonymous_4)
FN:73,(anonymous_5)
FN:106,(anonymous_6)
FN:113,(anonymous_7)
FN:140,(anonymous_8)
FN:147,(anonymous_9)
FNF:10
FNH:4
FNDA:2,(anonymous_0)
FNDA:0,(anonymous_1)
FNDA:2,(anonymous_2)
FNDA:2,(anonymous_3)
FNDA:0,(anonymous_4)
FNDA:7,(anonymous_5)
FNDA:0,(anonymous_6)
FNDA:0,(anonymous_7)
FNDA:0,(anonymous_8)
FNDA:0,(anonymous_9)
DA:12,2
DA:13,2
DA:20,2
DA:21,2
DA:22,2
DA:23,2
DA:27,0
DA:29,0
DA:30,0
DA:34,2
DA:35,2
DA:37,2
DA:39,1
DA:43,1
DA:50,2
DA:51,2
DA:53,2
DA:55,1
DA:60,1
DA:68,0
DA:80,7
DA:86,7
DA:88,7
DA:89,1
DA:97,6
DA:106,0
DA:113,0
DA:140,0
DA:147,0
DA:184,2
LF:30
LH:22
BRDA:37,0,0,1
BRDA:37,0,1,1
BRDA:37,1,0,2
BRDA:37,1,1,1
BRDA:53,2,0,1
BRDA:53,2,1,1
BRDA:53,3,0,2
BRDA:53,3,1,1
BRDA:53,3,2,1
BRDA:88,4,0,1
BRDA:88,4,1,6
BRDA:119,5,0,0
BRDA:119,5,1,6
BRDA:160,6,0,5
BRDA:160,6,1,1
BRDA:163,7,0,0
BRDA:163,7,1,6
BRF:17
BRH:15
end_of_record
TN:
SF:/home/bober/apps/cookbook-app/lib/client/src/components/UserLogout/UserLogout.jsx
FN:5,UserLogout
FNF:1
FNH:0
FNDA:0,UserLogout
DA:6,0
DA:24,2
LF:2
LH:1
BRF:0
BRH:0
end_of_record
TN:
SF:/home/bober/apps/cookbook-app/lib/client/src/components/VideoItem/VideoItem.jsx
FN:6,VideoItem
FNF:1
FNH:1
FNDA:1,VideoItem
DA:7,1
DA:24,1
LF:2
LH:2
BRF:0
BRH:0
end_of_record
TN:
SF:/home/bober/apps/cookbook-app/lib/client/src/constants/links.js
FNF:0
FNH:0
DA:1,3
LF:1
LH:1
BRF:0
BRH:0
end_of_record
TN:
SF:/home/bober/apps/cookbook-app/lib/client/src/containers/BannerContainer/BannerContainer.js
FN:5,(anonymous_0)
FN:20,returnCategoryIfExists
FNF:2
FNH:2
FNDA:2,(anonymous_0)
FNDA:2,returnCategoryIfExists
DA:5,2
DA:12,1
DA:21,2
DA:22,1
DA:25,1
LF:5
LH:5
BRDA:21,0,0,1
BRDA:21,0,1,1
BRF:2
BRH:2
end_of_record
TN:
SF:/home/bober/apps/cookbook-app/lib/client/src/containers/ItemsListContainer/ItemsListContainer.js
FN:6,(anonymous_0)
FN:18,(anonymous_1)
FN:19,(anonymous_2)
FN:31,returnCategoryIfExists
FNF:4
FNH:3
FNDA:2,(anonymous_0)
FNDA:2,(anonymous_1)
FNDA:0,(anonymous_2)
FNDA:4,returnCategoryIfExists
DA:6,2
DA:18,2
DA:19,0
DA:22,1
DA:32,4
DA:33,2
DA:36,2
LF:7
LH:6
BRDA:32,0,0,2
BRDA:32,0,1,2
BRF:2
BRH:2
end_of_record
TN:
SF:/home/bober/apps/cookbook-app/lib/client/src/containers/NavBar/NavBar.jsx
FN:11,NavBar
FN:12,(anonymous_1)
FN:17,(anonymous_2)
FN:22,(anonymous_3)
FNF:4
FNH:2
FNDA:1,NavBar
FNDA:0,(anonymous_1)
FNDA:5,(anonymous_2)
FNDA:0,(anonymous_3)
DA:12,1
DA:13,0
DA:14,0
DA:17,1
DA:18,5
DA:22,0
DA:28,1
DA:37,3
LF:8
LH:5
BRF:0
BRH:0
end_of_record
TN:
SF:/home/bober/apps/cookbook-app/lib/client/src/containers/RecipeContainer/RecipeContainer.jsx
FN:10,RecipeContainer
FN:11,(anonymous_1)
FN:15,(anonymous_2)
FN:23,(anonymous_3)
FN:41,(anonymous_4)
FNF:5
FNH:3
FNDA:1,RecipeContainer
FNDA:1,(anonymous_1)
FNDA:0,(anonymous_2)
FNDA:0,(anonymous_3)
FNDA:1,(anonymous_4)
DA:11,1
DA:12,1
DA:16,0
DA:23,0
DA:32,1
DA:41,1
DA:49,1
LF:7
LH:5
BRDA:20,0,0,0
BRDA:20,0,1,0
BRDA:43,1,0,1
BRDA:43,1,1,0
BRF:4
BRH:1
end_of_record
TN:
SF:/home/bober/apps/cookbook-app/lib/client/src/containers/SearchBar/SearchBar.jsx
FN:13,(anonymous_0)
FN:22,(anonymous_1)
FN:26,(anonymous_2)
FN:41,(anonymous_3)
FNF:4
FNH:2
FNDA:1,(anonymous_0)
FNDA:0,(anonymous_1)
FNDA:0,(anonymous_2)
FNDA:1,(anonymous_3)
DA:14,1
DA:15,1
DA:18,1
DA:19,1
DA:23,0
DA:27,0
DA:29,0
DA:32,0
DA:33,0
DA:34,0
DA:36,0
DA:37,0
DA:42,1
DA:44,1
DA:65,2
LF:15
LH:7
BRDA:32,0,0,0
BRDA:32,0,1,0
BRDA:36,1,0,0
BRDA:36,1,1,0
BRF:4
BRH:0
end_of_record
TN:
SF:/home/bober/apps/cookbook-app/lib/client/src/containers/UserLoginContainer/UserLoginContainer.js
FN:8,(anonymous_0)
FN:14,(anonymous_1)
FN:15,(anonymous_2)
FN:16,(anonymous_3)
FN:17,(anonymous_4)
FNF:5
FNH:2
FNDA:1,(anonymous_0)
FNDA:1,(anonymous_1)
FNDA:0,(anonymous_2)
FNDA:0,(anonymous_3)
FNDA:0,(anonymous_4)
DA:8,1
DA:14,1
DA:15,0
DA:16,0
DA:17,0
DA:20,1
LF:6
LH:3
BRF:0
BRH:0
end_of_record
TN:
SF:/home/bober/apps/cookbook-app/lib/client/src/reducers/combinedReducers.js
FN:7,_interopRequireDefault
FNF:1
FNH:0
FNDA:0,_interopRequireDefault
DA:1,0
DA:3,0
DA:4,0
DA:5,0
DA:6,0
DA:7,0
DA:9,0
DA:14,0
LF:8
LH:0
BRDA:7,0,0,0
BRDA:7,0,1,0
BRDA:7,1,0,0
BRDA:7,1,1,0
BRF:4
BRH:0
end_of_record
TN:
SF:/home/bober/apps/cookbook-app/lib/client/src/reducers/activeUser/activeUser.js
FN:4,activeUser
FNF:1
FNH:1
FNDA:3,activeUser
DA:5,3
DA:7,1
DA:10,1
DA:13,1
LF:4
LH:4
BRDA:4,0,0,1
BRDA:5,1,0,1
BRDA:5,1,1,1
BRDA:5,1,2,1
BRF:4
BRH:4
end_of_record
TN:
SF:/home/bober/apps/cookbook-app/lib/client/src/reducers/commentsByRecipe/commentsByRecipe.js
FN:4,comments
FN:29,commentsByCategory
FNF:2
FNH:2
FNDA:2,comments
FNDA:3,commentsByCategory
DA:11,2
DA:13,1
DA:18,1
DA:25,0
DA:30,3
DA:33,2
DA:39,1
LF:7
LH:6
BRDA:5,0,0,1
BRDA:11,1,0,1
BRDA:11,1,1,1
BRDA:11,1,2,0
BRDA:29,2,0,2
BRDA:30,3,0,1
BRDA:30,3,1,2
BRDA:30,3,2,1
BRF:8
BRH:7
end_of_record
TN:
SF:/home/bober/apps/cookbook-app/lib/client/src/reducers/errors/errors.js
FN:4,errors
FNF:1
FNH:1
FNDA:3,errors
DA:11,3
DA:13,1
DA:19,1
DA:25,1
LF:4
LH:4
BRDA:5,0,0,3
BRDA:11,1,0,1
BRDA:11,1,1,1
BRDA:11,1,2,1
BRF:4
BRH:4
end_of_record
TN:
SF:/home/bober/apps/cookbook-app/lib/client/src/reducers/itemsByCategory/itemsByCategory.js
FN:4,items
FN:29,itemsByCategory
FNF:2
FNH:2
FNDA:2,items
FNDA:3,itemsByCategory
DA:11,2
DA:13,1
DA:18,1
DA:25,0
DA:30,3
DA:33,2
DA:39,1
LF:7
LH:6
BRDA:5,0,0,1
BRDA:11,1,0,1
BRDA:11,1,1,1
BRDA:11,1,2,0
BRDA:29,2,0,2
BRDA:30,3,0,1
BRDA:30,3,1,2
BRDA:30,3,2,1
BRF:8
BRH:7
end_of_record
TN:
SF:/home/bober/apps/cookbook-app/lib/client/src/reducers/selectedCategory/selectedCategory.js
FN:3,selectedCategory
FNF:1
FNH:1
FNDA:2,selectedCategory
DA:4,2
DA:6,1
DA:9,1
LF:3
LH:3
BRDA:3,0,0,1
BRDA:4,1,0,1
BRDA:4,1,1,1
BRF:3
BRH:3
end_of_record
